units real
atom_style full
boundary p p p

# --- Force Field Styles ---
pair_style lj/cut 14.0
dielectric 1.000000
bond_style harmonic
angle_style harmonic
dihedral_style multi/harmonic
improper_style none
special_bonds lj 0 0 0
pair_modify mix arithmetic tail yes
neighbor 2.0 bin
neigh_modify delay 0 every 1 check yes
neigh_modify one 4000
# GPU disabled (CPU run)

read_data /home/arz2/PolyJarvis/data/cis-PBD4/lammps/equil/cell.data
Reading data file ...
  orthogonal box = (0 0 0) to (68.178378 68.178378 68.178378)
  2 by 2 by 2 MPI processor grid
  reading atoms ...
  8040 atoms
  scanning bonds ...
  2 = max bonds/atom
  scanning angles ...
  1 = max angles/atom
  scanning dihedrals ...
  2 = max dihedrals/atom
  orthogonal box = (0 0 0) to (68.178378 68.178378 68.178378)
  2 by 2 by 2 MPI processor grid
  reading bonds ...
  8020 bonds
  reading angles ...
  8000 angles
  reading dihedrals ...
  7980 dihedrals
Finding 1-2 1-3 1-4 neighbors ...
  special bond factors lj:    0        0        0       
  special bond factors coul:  0        0        0       
     2 = max # of 1-2 neighbors
     2 = max # of 1-3 neighbors
     4 = max # of 1-4 neighbors
     6 = max # of special neighbors
  special bonds CPU = 0.001 seconds
  read_data CPU = 0.138 seconds
include /home/arz2/PolyJarvis/data/cis-PBD4/lammps/equil/emc_build.params
# LAMMPS parameters created by EMC v9.4.4, build Jul 31 2025 20:33:44

# Variables

variable	seed		index	482913
variable	ntotal		index	8040
variable	fshape		index	1
variable	output		index	emc_build
variable	field		index	trappe/2014/trappe-ua
variable	location1	index	/home/arz2/emc/field/
variable	nav		index	0.6022141179
variable	temperature	index	300
variable	radius		index	5
variable	nrelax		index	100
variable	weight_nonbond	index	0.0001
variable	weight_bond	index	0.0001
variable	weight_focus	index	1
variable	cutoff		index	14
variable	charge_cutoff	index	14
variable	kappa		index	4
variable	density1	index	0.57
variable	lprevious	index	0
variable	lphase		index	68.1783775471
variable	f_poly		index	20
variable	chem_repeat	index	*C/C=C\C*
variable	chem_cap	index	*C
variable	lg_repeat	index	4
variable	lg_cap		index	1
variable	norm_poly	index	100
variable	l_poly		index	402
variable	mg_repeat	index	54.0914
variable	mg_cap		index	15.0347
variable	m_poly		index	5439.2094
variable	n_poly		index	20
variable	mtotal		index	108784.188
variable	nphase1		index	8040
variable	mphase1		index	108784.188
variable	vphase1		index	316912.949994
variable	lbox		index	68.1783775471
variable	lphase1		index	68.1783775471
variable	lxx		index	68.1783775471
variable	lyy		index	68.1783775471
variable	lzz		index	68.1783775471
variable	lzy		index	0
variable	lzx		index	0
variable	lyx		index	0
variable	vtotal		index	316912.949994
variable	nl_poly		index	20

# Types

variable	type_c3h	index	1
variable	type_c4h2	index	2
variable	type_c4h3	index	3

variable	type_bond_c3h_c3h index	1
variable	type_bond_c3h_c4h2 index	2
variable	type_bond_c4h2_c4h2 index	3
variable	type_bond_c4h2_c4h3 index	4

variable	type_angle_c3h_c3h_c4h2 index	1
variable	type_angle_c3h_c4h2_c4h2 index	2
variable	type_angle_c3h_c4h2_c4h3 index	3

# Clusters

variable	n0_poly		index	1
variable	n1_poly		index	20
variable	nl_poly		index	20

# Flags

variable	flag_charged	index	0

# Masses

mass		1    13.01890  # c3h
mass		2    14.02680  # c4h2
mass		3    15.03470  # c4h3

# Potentials

pair_modify	mix arithmetic tail yes
special_bonds	lj 0 0 0 coul 0 0 0.5
Finding 1-2 1-3 1-4 neighbors ...
  special bond factors lj:    0        0        0       
  special bond factors coul:  0        0        0.5     
     2 = max # of 1-2 neighbors
     2 = max # of 1-3 neighbors
     4 = max # of 1-4 neighbors
     6 = max # of special neighbors
  special bonds CPU = 0.000 seconds

# Pair Coeffs

pair_coeff	1 1    0.09340    3.71000  # c3h,c3h
pair_coeff	2 2    0.09141    3.95000  # c4h2,c4h2
pair_coeff	3 3    0.19475    3.75000  # c4h3,c4h3

# Bond Coeffs

bond_coeff	1  529.99987    1.33000  # c3h,c3h
bond_coeff	2  260.00013    1.54000  # c3h,c4h2
bond_coeff	3  260.00013    1.54000  # c4h2,c4h2
bond_coeff	4  260.00013    1.54000  # c4h2,c4h3

# Angle Coeffs

angle_coeff	1   69.96954  119.70000  # c3h,c3h,c4h2
angle_coeff	2   62.10020  114.00000  # c3h,c4h2,c4h2
angle_coeff	3   62.10020  114.00000  # c3h,c4h2,c4h3

# Dihedral Coeffs

dihedral_coeff	1    1.91086    1.85422    0.43627   -2.24348    0.00000  # c3h,c3h,c4h2,c4h2
dihedral_coeff	2    1.91086    1.85422    0.43627   -2.24348    0.00000  # c3h,c3h,c4h2,c4h3
dihedral_coeff	3    2.00702   -4.01203    0.27102    6.29006    0.00000  # c3h,c4h2,c4h2,c3h
dihedral_coeff	4   25.63496    0.99360  -25.63496   -0.99360    0.00000  # c4h2,c3h,c3h,c4h2


# --- Thermo Output ---
thermo_style custom step time temp press etotal pe ebond eangle edihed eimp evdwl ecoul elong vol lx ly lz density
thermo_modify flush yes
thermo 500

# --- Trajectory ---
dump dump_min all custom 1000 minimize.dump id type mol x y z ix iy iz

# --- Minimization ---
min_style cg
minimize 1e-06 1e-06 50000 100000
Generated 3 of 3 mixed pair_coeff terms from arithmetic mixing rule
Neighbor list info ...
  update: every = 1 steps, delay = 0 steps, check = yes
  max neighbors/atom: 4000, page size: 100000
  master list distance cutoff = 16
  ghost atom cutoff = 16
  binsize = 8, bins = 9 9 9
  1 neighbor lists, perpetual/occasional/extra = 1 0 0
  (1) pair lj/cut, perpetual
      attributes: half, newton on
      pair build: half/bin/newton
      stencil: half/bin/3d
      bin: standard
Per MPI rank memory allocation (min/avg/max) = 9.434 | 9.804 | 10.17 Mbytes
   Step          Time           Temp          Press          TotEng         PotEng         E_bond        E_angle        E_dihed        E_impro         E_vdwl         E_coul         E_long         Volume           Lx             Ly             Lz          Density    
         0   0              0              7464.5466      17407.261      17407.261      2961.4859      4768.1061      10610.095      0             -932.42633      0              0              316912.95      68.178378      68.178378      68.178378      0.56999999   
       500   500            0             -565.11294      14.702971      14.702971      6.8944626      140.03891      7090.4646      0             -7222.695       0              0              316912.95      68.178378      68.178378      68.178378      0.56999999   
      1000   1000           0             -563.63738     -389.54949     -389.54949      6.6085647      138.20634      7033.5992      0             -7567.9636      0              0              316912.95      68.178378      68.178378      68.178378      0.56999999   
      1500   1500           0             -544.66014     -593.12912     -593.12912      6.4930341      135.14366      7014.7965      0             -7749.5623      0              0              316912.95      68.178378      68.178378      68.178378      0.56999999   
      2000   2000           0             -561.54325     -687.11313     -687.11313      6.3596348      135.79668      6999.3932      0             -7828.6626      0              0              316912.95      68.178378      68.178378      68.178378      0.56999999   
      2500   2500           0             -551.38649     -744.33231     -744.33231      6.4513726      133.31367      7002.9179      0             -7887.0152      0              0              316912.95      68.178378      68.178378      68.178378      0.56999999   
      3000   3000           0             -558.61514     -785.08258     -785.08258      6.4373255      134.44185      7011.2862      0             -7937.248       0              0              316912.95      68.178378      68.178378      68.178378      0.56999999   
      3500   3500           0             -566.36458     -822.90347     -822.90347      6.3803504      134.0374       6996.4019      0             -7959.7231      0              0              316912.95      68.178378      68.178378      68.178378      0.56999999   
      4000   4000           0             -554.43119     -849.46334     -849.46334      6.4747727      133.55777      6998.6908      0             -7988.1867      0              0              316912.95      68.178378      68.178378      68.178378      0.56999999   
      4500   4500           0             -542.46387     -882.28425     -882.28425      6.5689812      135.46646      7009.8869      0             -8034.2065      0              0              316912.95      68.178378      68.178378      68.178378      0.56999999   
      5000   5000           0             -529.24399     -910.6003      -910.6003       6.5710203      134.28229      7008.1367      0             -8059.5903      0              0              316912.95      68.178378      68.178378      68.178378      0.56999999   
      5500   5500           0             -543.29883     -928.58072     -928.58072      6.467965       134.42959      7011.9836      0             -8081.4619      0              0              316912.95      68.178378      68.178378      68.178378      0.56999999   
      6000   6000           0             -533.76893     -953.81184     -953.81184      6.5937841      135.34199      7021.7135      0             -8117.4612      0              0              316912.95      68.178378      68.178378      68.178378      0.56999999   
      6500   6500           0             -533.19353     -973.67972     -973.67972      6.5991003      134.90769      7017.4642      0             -8132.6507      0              0              316912.95      68.178378      68.178378      68.178378      0.56999999   
      7000   7000           0             -523.95701     -982.2649      -982.2649       6.7178745      134.69566      7018.6075      0             -8142.286       0              0              316912.95      68.178378      68.178378      68.178378      0.56999999   
      7500   7500           0             -528.96405     -993.26181     -993.26181      6.6943556      134.87415      7022.054       0             -8156.8843      0              0              316912.95      68.178378      68.178378      68.178378      0.56999999   
      8000   8000           0             -524.41873     -1000.5354     -1000.5354      6.6664442      134.76047      7019.1507      0             -8161.1131      0              0              316912.95      68.178378      68.178378      68.178378      0.56999999   
      8497   8497           0             -523.15625     -1006.8296     -1006.8296      6.6851992      135.45594      7019.8419      0             -8168.8126      0              0              316912.95      68.178378      68.178378      68.178378      0.56999999   
Loop time of 115.419 on 8 procs for 8497 steps with 8040 atoms

99.0% CPU use with 8 MPI tasks x 1 OpenMP threads

Minimization stats:
  Stopping criterion = energy tolerance
  Energy initial, next-to-last, final = 
      17407.2608175587  -1006.82897596373  -1006.82960431656
  Force two-norm initial, final = 2977.1546 1.8305582
  Force max component initial, final = 122.83822 0.8663355
  Final line search alpha, max atom move = 0.09480979 0.082137087
  Iterations, force evaluations = 8497 16986

MPI task timing breakdown:
Section |  min time  |  avg time  |  max time  |%varavg| %total
---------------------------------------------------------------
Pair    | 35.677     | 65.258     | 102.24     | 293.8 | 56.54
Bond    | 1.7408     | 2.544      | 3.4258     |  37.0 |  2.20
Neigh   | 0.91961    | 0.92045    | 0.92129    |   0.1 |  0.80
Comm    | 7.7894     | 45.588     | 75.799     | 359.1 | 39.50
Output  | 0.021443   | 0.022478   | 0.023774   |   0.5 |  0.02
Modify  | 0          | 0          | 0          |   0.0 |  0.00
Other   |            | 1.086      |            |       |  0.94

Nlocal:           1005 ave        1387 max         636 min
Histogram: 2 0 0 1 1 1 0 1 1 1
Nghost:        6310.88 ave        6609 max        6056 min
Histogram: 1 2 0 0 0 3 0 0 1 1
Neighs:         252198 ave      407566 max      122093 min
Histogram: 2 0 1 1 0 1 0 1 1 1

Total # of neighbors = 2017581
Ave neighs/atom = 250.94291
Ave special neighs/atom = 5.9701493
Neighbor list builds = 99
Dangerous builds = 0

undump dump_min
reset_timestep 0

# --- Write Output ---
write_dump all custom minimize_last.dump id type mol x y z xu yu zu vx vy vz modify sort id
write_data /home/arz2/PolyJarvis/data/cis-PBD4/lammps/equil/minimize/minimize_out.data
System init for write_data ...
Generated 3 of 3 mixed pair_coeff terms from arithmetic mixing rule

print "STAGE COMPLETE: minimization"
STAGE COMPLETE: minimization
quit
 407566 max      122093 min
Histogram: 2 0 1 1 0 1 0 1 1 1

Total # of neighbors = 2017581
Ave neighs/atom = 250.94291
Ave special neighs/atom = 5.9701493
Neighbor list builds = 99
Dangerous builds = 0
System init for write_data ...
Generated 3 of 3 mixed pair_coeff terms from arithmetic mixing rule
STAGE COMPLETE: minimization
