units real
atom_style full
boundary p p p

# --- Force Field Styles ---
pair_style lj/cut 14.0
dielectric 1.000000
bond_style harmonic
angle_style harmonic
dihedral_style multi/harmonic
improper_style none
special_bonds lj 0 0 0
pair_modify mix arithmetic tail yes
neighbor 2.0 bin
neigh_modify delay 0 every 1 check yes
neigh_modify one 4000
# KOKKOS: package loaded via -pk kokkos on the command line

read_data /home/arz2/PolyJarvis/data/PE3/lammps/cell/cell.data
Reading data file ...
  orthogonal box = (0 0 0) to (55.778372 55.778372 55.778372)
  2 by 2 by 2 MPI processor grid
  reading atoms ...
  4840 atoms
  scanning bonds ...
  2 = max bonds/atom
  scanning angles ...
  1 = max angles/atom
  scanning dihedrals ...
  2 = max dihedrals/atom
  orthogonal box = (0 0 0) to (55.778372 55.778372 55.778372)
  2 by 2 by 2 MPI processor grid
  reading bonds ...
  4820 bonds
  reading angles ...
  4800 angles
  reading dihedrals ...
  4780 dihedrals
Finding 1-2 1-3 1-4 neighbors ...
  special bond factors lj:    0        0        0       
  special bond factors coul:  0        0        0       
     2 = max # of 1-2 neighbors
     2 = max # of 1-3 neighbors
     4 = max # of 1-4 neighbors
     6 = max # of special neighbors
  special bonds CPU = 0.000 seconds
  read_data CPU = 0.085 seconds
include /home/arz2/PolyJarvis/data/PE3/lammps/cell/emc_build.params
# LAMMPS parameters created by EMC v9.4.4, build Jul 31 2025 20:33:44

# Variables

variable	seed		index	1007
variable	ntotal		index	4840
variable	fshape		index	1
variable	output		index	emc_build
variable	field		index	trappe/2014/trappe-ua
variable	location1	index	/home/arz2/emc/field/
variable	nav		index	0.6022141179
variable	temperature	index	300
variable	radius		index	5
variable	nrelax		index	100
variable	weight_nonbond	index	0.0001
variable	weight_bond	index	0.0001
variable	weight_focus	index	1
variable	cutoff		index	14
variable	charge_cutoff	index	14
variable	kappa		index	4
variable	density1	index	0.65
variable	lprevious	index	0
variable	lphase		index	55.7783720511
variable	f_poly		index	20
variable	chem_repeat	index	*CC*
variable	chem_cap	index	*C
variable	lg_repeat	index	2
variable	lg_cap		index	1
variable	norm_poly	index	100
variable	l_poly		index	242
variable	mg_repeat	index	28.0536
variable	mg_cap		index	15.0347
variable	m_poly		index	3396.5014
variable	n_poly		index	20
variable	mtotal		index	67930.028
variable	nphase1		index	4840
variable	mphase1		index	67930.028
variable	vphase1		index	173539.165354
variable	lbox		index	55.7783720511
variable	lphase1		index	55.7783720511
variable	lxx		index	55.7783720511
variable	lyy		index	55.7783720511
variable	lzz		index	55.7783720511
variable	lzy		index	0
variable	lzx		index	0
variable	lyx		index	0
variable	vtotal		index	173539.165354
variable	nl_poly		index	20

# Types

variable	type_c4h2	index	1
variable	type_c4h3	index	2

variable	type_bond_c4h2_c4h2 index	1
variable	type_bond_c4h2_c4h3 index	2

variable	type_angle_c4h2_c4h2_c4h2 index	1
variable	type_angle_c4h2_c4h2_c4h3 index	2

# Clusters

variable	n0_poly		index	1
variable	n1_poly		index	20
variable	nl_poly		index	20

# Flags

variable	flag_charged	index	0

# Masses

mass		1    14.02680  # c4h2
mass		2    15.03470  # c4h3

# Potentials

pair_modify	mix arithmetic tail yes
special_bonds	lj 0 0 0 coul 0 0 0.5
Finding 1-2 1-3 1-4 neighbors ...
  special bond factors lj:    0        0        0       
  special bond factors coul:  0        0        0.5     
     2 = max # of 1-2 neighbors
     2 = max # of 1-3 neighbors
     4 = max # of 1-4 neighbors
     6 = max # of special neighbors
  special bonds CPU = 0.000 seconds

# Pair Coeffs

pair_coeff	1 1    0.09141    3.95000  # c4h2,c4h2
pair_coeff	2 2    0.19475    3.75000  # c4h3,c4h3

# Bond Coeffs

bond_coeff	1  260.00013    1.54000  # c4h2,c4h2
bond_coeff	2  260.00013    1.54000  # c4h2,c4h3

# Angle Coeffs

angle_coeff	1   62.10020  114.00000  # c4h2,c4h2,c4h2
angle_coeff	2   62.10020  114.00000  # c4h2,c4h2,c4h3

# Dihedral Coeffs

dihedral_coeff	1    2.00702   -4.01203    0.27102    6.29006    0.00000  # c4h2,c4h2,c4h2,c4h2
dihedral_coeff	2    2.00702   -4.01203    0.27102    6.29006    0.00000  # c4h2,c4h2,c4h2,c4h3


# --- Thermo Output ---
thermo_style custom step time temp press etotal pe ebond eangle edihed eimp evdwl ecoul elong vol lx ly lz density
thermo_modify flush yes
thermo 500

# --- Trajectory ---
dump dump_min all custom 1000 minimize.dump id type mol x y z ix iy iz

# --- Minimization ---
min_style cg
minimize 1e-06 1e-06 50000 100000
Generated 1 of 1 mixed pair_coeff terms from arithmetic mixing rule
Neighbor list info ...
  update: every = 1 steps, delay = 0 steps, check = yes
  max neighbors/atom: 4000, page size: 100000
  master list distance cutoff = 16
  ghost atom cutoff = 16
  binsize = 8, bins = 7 7 7
  1 neighbor lists, perpetual/occasional/extra = 1 0 0
  (1) pair lj/cut, perpetual
      attributes: half, newton on
      pair build: half/bin/newton
      stencil: half/bin/3d
      bin: standard
Per MPI rank memory allocation (min/avg/max) = 8.962 | 9.338 | 9.713 Mbytes
   Step          Time           Temp          Press          TotEng         PotEng         E_bond        E_angle        E_dihed        E_impro         E_vdwl         E_coul         E_long         Volume           Lx             Ly             Lz          Density    
         0   0              0              11702.203      9660.1666      9660.1666      1837.7099      2877.9481      4798.2996      0              146.20904      0              0              173539.17      55.778372      55.778372      55.778372      0.64999999   
       500   500            0             -735.59804     -2401.4748     -2401.4748      8.5377897      151.35039      2081.8024      0             -4643.1654      0              0              173539.17      55.778372      55.778372      55.778372      0.64999999   
      1000   1000           0             -781.2155      -2644.6472     -2644.6472      8.0628255      146.86416      2013.7071      0             -4813.2813      0              0              173539.17      55.778372      55.778372      55.778372      0.64999999   
      1500   1500           0             -823.02795     -2727.0246     -2727.0246      7.4415776      143.30387      1979.9869      0             -4857.7569      0              0              173539.17      55.778372      55.778372      55.778372      0.64999999   
      2000   2000           0             -760.88701     -2765.1089     -2765.1089      7.5096746      139.76103      1963.8497      0             -4876.2292      0              0              173539.17      55.778372      55.778372      55.778372      0.64999999   
      2500   2500           0             -718.79598     -2782.6638     -2782.6638      7.7785968      142.40965      1964.0723      0             -4896.9244      0              0              173539.17      55.778372      55.778372      55.778372      0.64999999   
      3000   3000           0             -768.43627     -2792.68       -2792.68        7.6022614      143.53724      1967.6734      0             -4911.493       0              0              173539.17      55.778372      55.778372      55.778372      0.64999999   
      3101   3101           0             -758.37079     -2793.5929     -2793.5929      7.631381       143.75217      1967.7757      0             -4912.7522      0              0              173539.17      55.778372      55.778372      55.778372      0.64999999   
Loop time of 24.6891 on 8 procs for 3101 steps with 4840 atoms

98.6% CPU use with 8 MPI tasks x 1 OpenMP threads

Minimization stats:
  Stopping criterion = energy tolerance
  Energy initial, next-to-last, final = 
      9660.16659097422  -2793.59028497811  -2793.59290748277
  Force two-norm initial, final = 2072.2219 2.0847694
  Force max component initial, final = 152.64108 0.46480584
  Final line search alpha, max atom move = 0.056306072 0.026171391
  Iterations, force evaluations = 3101 6169

MPI task timing breakdown:
Section |  min time  |  avg time  |  max time  |%varavg| %total
---------------------------------------------------------------
Pair    | 7.9502     | 15.285     | 21.259     | 109.6 | 61.91
Bond    | 0.37881    | 0.55429    | 0.71331    |  13.5 |  2.25
Neigh   | 0.3922     | 0.39248    | 0.39285    |   0.0 |  1.59
Comm    | 2.045      | 8.1741     | 15.685     | 153.2 | 33.11
Output  | 0.0042517  | 0.004504   | 0.0048344  |   0.3 |  0.02
Modify  | 0          | 0          | 0          |   0.0 |  0.00
Other   |            | 0.2786     |            |       |  1.13

Nlocal:            605 ave         780 max         383 min
Histogram: 1 0 1 0 1 2 0 1 1 1
Nghost:        5360.75 ave        5631 max        5111 min
Histogram: 2 0 1 0 1 1 0 1 1 1
Neighs:         149569 ave      208279 max       69603 min
Histogram: 1 0 1 0 1 2 0 0 1 2

Total # of neighbors = 1196555
Ave neighs/atom = 247.22211
Ave special neighs/atom = 5.9504132
Neighbor list builds = 67
Dangerous builds = 0

undump dump_min
reset_timestep 0

# --- Write Output ---
write_dump all custom minimize_last.dump id type mol x y z xu yu zu vx vy vz modify sort id
write_data /home/arz2/PolyJarvis/data/PE3/lammps/minimize/minimize_out.data
System init for write_data ...
Generated 1 of 1 mixed pair_coeff terms from arithmetic mixing rule

print "STAGE COMPLETE: minimization"
STAGE COMPLETE: minimization
quit
