units real
atom_style full
boundary p p p

# --- Force Field Styles ---
pair_style lj/class2/coul/long 9.5 9.5
kspace_style pppm 1e-6
dielectric 1.000000
bond_style class2
angle_style class2
dihedral_style class2
improper_style class2
special_bonds lj/coul 0 0 1
pair_modify mix sixthpower tail yes
neighbor 2.0 bin
neigh_modify delay 0 every 1 check yes
neigh_modify one 4000
# KOKKOS: package loaded via -pk kokkos on the command line

read_data /home/alexzhao/PolyJarvis/data/PVC3/lammps/equil/npt_prod300/npt_prod300_out.data
Reading data file ...
  orthogonal box = (6.2276347 6.2276347 6.2276347) to (42.15786 42.15786 42.15786)
  1 by 1 by 1 MPI processor grid
  reading atoms ...
  3620 atoms
  reading velocities ...
  3620 velocities
  scanning bonds ...
  4 = max bonds/atom
  scanning angles ...
  12 = max angles/atom
  scanning dihedrals ...
  24 = max dihedrals/atom
  scanning impropers ...
  10 = max impropers/atom
  orthogonal box = (6.2276347 6.2276347 6.2276347) to (42.15786 42.15786 42.15786)
  1 by 1 by 1 MPI processor grid
  reading bonds ...
  3610 bonds
  reading angles ...
  7200 angles
  reading dihedrals ...
  10710 dihedrals
  reading impropers ...
  4800 impropers
Finding 1-2 1-3 1-4 neighbors ...
  special bond factors lj:    0        0        1       
  special bond factors coul:  0        0        1       
     4 = max # of 1-2 neighbors
     6 = max # of 1-3 neighbors
    10 = max # of special neighbors
  special bonds CPU = 0.002 seconds
  read_data CPU = 1.589 seconds


# --- Thermo Output ---
thermo_style custom step time temp press enthalpy etotal ke pe ebond eangle edihed eimp evdwl ecoul elong etail vol lx ly lz density pxx pyy pzz
thermo_modify flush yes
thermo 100

# --- Trajectory ---
dump dump_npt all custom 1000 /home/alexzhao/PolyJarvis/data/PVC3/lammps/mechanical/bm_series/bm_P-3000/bm_P-3000.dump id type mol x y z ix iy iz vx vy vz

# --- Restart Checkpointing ---
restart 10000 npt_1.rst npt_2.rst

# --- Initial Velocities (optional) ---
# Velocities read from data file

# --- SHAKE Constraints ---
fix shake_fix all shake 1e-4 1000 0 m 1.008
Finding SHAKE clusters ...
     590 = # of size 2 clusters
     600 = # of size 3 clusters
      10 = # of size 4 clusters
       0 = # of frozen angles
  find clusters CPU = 0.001 seconds

# --- NPT Thermostat + Barostat (Nose-Hoover) ---
# T_damp = 100.0 fs  (heat bath coupling)
# P_damp = 1000.0 fs  (pressure bath coupling, ~10x T_damp typical)
# Ramp: T=300.0->300.0K  P=-3000.0->-3000.0atm
timestep 1.0
fix npt_fix all npt temp 300.0 300.0 100.0 iso -3000.0 -3000.0 1000.0

run 500000
PPPM Kokkos initialization ...
  using 12-bit tables for long-range coulomb
  G vector (1/distance) = 0.29528808
  grid = 24 24 24
  stencil order = 5
  estimated absolute RMS force accuracy = 0.00037836216
  estimated relative force accuracy = 1.1394264e-06
  using double precision cuFFT
  3d grid and FFT values/proc = 29791 13824
Generated 6 of 6 mixed pair_coeff terms from sixthpower/sixthpower mixing rule
Neighbor list info ...
  update: every = 1 steps, delay = 0 steps, check = yes
  max neighbors/atom: 4000, page size: 100000
  master list distance cutoff = 11.5
  ghost atom cutoff = 11.5
  binsize = 11.5, bins = 4 4 4
  1 neighbor lists, perpetual/occasional/extra = 1 0 0
  (1) pair lj/class2/coul/long/kk, perpetual
      attributes: full, newton off, kokkos_device
      pair build: full/bin/kk/device
      stencil: full/bin/3d
      bin: kk/device
Per MPI rank memory allocation (min/avg/max) = 24.92 | 24.92 | 24.92 Mbytes
   Step          Time           Temp          Press         Enthalpy        TotEng         KinEng         PotEng         E_bond        E_angle        E_dihed        E_impro         E_vdwl         E_coul         E_long         E_tail         Volume           Lx             Ly             Lz          Density          Pxx            Pyy            Pzz      
         0   0              368.36211     -3.9398327     -916.63039     -913.96516      3307.5946     -4221.5598      692.21962      2008.3296     -2081.7111      15.437357     -985.99346     -1620.8711     -2248.9708     -272.82288      46385.243      35.930226      35.930226      35.930226      1.343162      -791.91729     -431.08983      1211.1876    
       100   100            305.55084     -1127.3193     -2260.9415     -1490.5408      2743.6002     -4234.141       690.24954      1995.7378     -2057.6945      15.820364     -1013.3011     -1614.9082     -2250.0449     -270.06406      46859.088      36.052159      36.052159      36.052159      1.3295798     -561.17131     -1538.9018     -1281.8849    
       200   200            297.7304      -2229.1134     -3098.7126     -1539.891       2673.3789     -4213.2699      699.73976      1997.799      -2069.9376      15.232954     -990.36086     -1615.6628     -2250.0804     -263.91999      47949.971      36.329781      36.329781      36.329781      1.2993313     -2558.7942     -3115.7178     -1012.8283    
       300   300            302.40523     -2336.0246     -3174.2032     -1511.0865      2715.3551     -4226.4416      711.85397      1909.8634     -2074.6224      14.621025     -928.72872     -1614.1317     -2245.2972     -259.23356      48816.811      36.547399      36.547399      36.547399      1.2762591     -1818.5398     -2644.1081     -2545.4259    
       400   400            298.64833     -2576.173      -3309.1365     -1441.8747      2681.6212     -4123.4958      727.78849      1955.1611     -2067.709       16.338384     -903.89347     -1608.4945     -2242.6869     -254.6281       49699.762      36.766428      36.766428      36.766428      1.2535854     -3687.13       -1409.3579     -2632.0312    
       500   500            303.75646     -2567.0702     -3223.1197     -1334.9012      2727.488      -4062.3892      707.11876      1998.4763     -2061.2375      15.762364     -872.9509      -1605.8873     -2243.671      -250.91234      50435.765      36.94703       36.94703       36.94703       1.235292      -2098.1356     -2491.8133     -3111.2617    
       600   600            299.60262     -2983.7563     -3532.437      -1306.5146      2690.1899     -3996.7045      712.54435      1996.2518     -2069.3786      15.549        -803.57255     -1604.6066     -2243.4919     -247.39439      51152.961      37.121336      37.121336      37.121336      1.2179725     -2297.5826     -3692.3073     -2961.3791    
       700   700            305.58446     -3144.6832     -3666.3071     -1287.1419      2743.902      -4031.0439      718.60655      1999.6714     -2091.8911      16.497875     -826.00694     -1602.7828     -2245.139      -243.94326      51876.636      37.295572      37.295572      37.295572      1.2009819     -3628.6343     -3374.4019     -2431.0134    
       800   800            299.46039     -3031.4128     -3586.9514     -1270.9238      2688.9128     -3959.8365      728.3073       2022.0599     -2091.5555      16.303722     -790.64524     -1602.0969     -2242.2099     -241.56714      52386.908      37.417456      37.417456      37.417456      1.1892837     -2697.7206     -3173.2799     -3223.2379    
       900   900            298.3957      -1794.0744     -2612.1634     -1228.0877      2679.3527     -3907.4404      681.07567      2053.3305     -2090.7848      15.559596     -727.72678     -1597.8106     -2241.0839     -239.23083      52898.516      37.538867      37.538867      37.538867      1.1777816     -780.5316      -2500.8241     -2100.8677    
      1000   1000           303.66983     -3516.4007     -3863.7428     -1122.73        2726.7102     -3849.4402      709.82917      2060.6742     -2056.9149      16.478307     -742.40158     -1595.4873     -2241.6181     -236.76844      53448.659      37.668553      37.668553      37.668553      1.1656588     -3798.9662     -2916.6152     -3833.6207    
      1100   1100           302.79235     -3372.4729     -3740.8495     -1088.2941      2718.8311     -3807.1252      744.91169      2076.9833     -2088.3069      16.44416      -727.90267     -1587.4797     -2241.7752     -234.64998      53931.202      37.781573      37.781573      37.781573      1.1552292     -3124.8565     -3845.0277     -3147.5346    
      1200   1200           298.47192     -2897.0236     -3411.8596     -1116.1888      2680.0371     -3796.2258      749.78656      2005.6099     -2060.1714      15.239697     -673.37025     -1592.4599     -2240.8605     -232.90506      54335.255      37.875691      37.875691      37.875691      1.1466386     -2233.0471     -2914.1507     -3543.8729    
      1300   1300           298.37248     -2841.952      -3462.5279     -1191.9912      2679.1442     -3871.1354      716.57101      1994.7289     -2086.0749      16.099462     -671.81386     -1599.308      -2241.3379     -231.00679      54781.749      37.979155      37.979155      37.979155      1.137293      -2413.2845     -2681.6655     -3430.9061    
      1400   1400           295.82385     -1824.2286     -2658.4091     -1189.2968      2656.2595     -3845.5563      700.3607       1995.6307     -2101.8153      15.685297     -611.48036     -1602.9624     -2240.975      -229.17159      55220.438      38.080264      38.080264      38.080264      1.1282579     -1657.045      -2634.7266     -1180.9142    
      1500   1500           301.69943     -2077.956      -2822.4141     -1133.9981      2709.0175     -3843.0156      734.04461      1987.3832     -2090.9252      16.504237     -644.00636     -1603.8786     -2242.1376     -227.13989      55714.37       38.193466      38.193466      38.193466      1.1182555     -1395.2161     -2354.3662     -2484.2856    
      1600   1600           295.97691     -2062.5299     -2762.9146     -1077.5777      2657.634      -3735.2117      715.59846      2038.6754     -2075.699       15.896666     -590.47185     -1599.0034     -2240.2079     -225.86559      56028.703      38.265159      38.265159      38.265159      1.1119818     -2787.939      -822.97482     -2576.6758    
      1700   1700           302.20058     -2916.5491     -3448.4886     -1047.4825      2713.5175     -3761           749.24014      1996.2834     -2090.7616      15.81703      -603.20337     -1587.9536     -2240.4221     -224.18809      56447.938      38.360362      38.360362      38.360362      1.1037232     -2997.7977     -3665.8696     -2085.9801    
      1800   1800           301.86064     -2168.3005     -2828.5753     -1028.3466      2710.4651     -3738.8118      721.34578      2006.1429     -2077.7589      16.219728     -565.62648     -1596.2491     -2242.8858     -222.2943       56928.837      38.468989      38.468989      38.468989      1.0943996     -1145.2097     -2077.8688     -3281.8231    
      1900   1900           301.31342     -2238.2846     -2886.4511     -1010.4426      2705.5515     -3715.9941      723.44317      2001.1811     -2084.5484      16.762696     -541.2353      -1592.6452     -2238.9522     -220.19985      57470.32       38.590571      38.590571      38.590571      1.0840882     -2577.1011     -1794.1385     -2343.6141    
      2000   2000           302.26768     -2211.9327     -2872.0185     -996.5823       2714.12       -3710.7023      731.05922      2006.8008     -2106.4541      16.563159     -531.86966     -1589.1218     -2237.68       -217.67379      58137.251      38.739276      38.739276      38.739276      1.0716519     -2595.788      -2132.0715     -1907.9388    
      2100   2100           291.71382     -2396.0823     -3079.4035     -1023.8257      2619.3548     -3643.1805      700.76242      2014.0071     -2069.644       15.862613     -478.80706     -1588.1221     -2237.2396     -215.13167      58824.235      38.891267      38.891267      38.891267      1.0591366     -1080.8112     -3349.458      -2757.9778    
      2200   2200           298.29945     -3048.3034     -3677.1236     -1030.4057      2678.4885     -3708.8942      758.39552      1926.1207     -2118.2086      16.206791     -478.21523     -1579.9351     -2233.2582     -212.5627       59535.167      39.047316      39.047316      39.047316      1.046489      -2333.5176     -3842.6308     -2968.7618    
      2300   2300           295.96774     -3048.1254     -3637.9779     -959.07616      2657.5516     -3616.6278      751.14241      1977.1301     -2079.2518      15.794266     -465.83965     -1582.7033     -2232.8997     -209.99675      60262.627      39.205713      39.205713      39.205713      1.0338563     -3235.1515     -2754.2714     -3154.9533    
      2400   2400           307.64315     -2783.8547     -3317.0798     -843.01654      2762.3873     -3605.4039      746.25191      1961.4465     -2087.1358      15.719848     -419.28794     -1585.9178     -2236.4805     -207.66929      60938.021      39.351635      39.351635      39.351635      1.0223978     -2342.8433     -2303.2993     -3705.4214    
      2500   2500           304.44396     -2482.3044     -3044.8983     -813.71631      2733.6612     -3547.3775      761.55169      1985.0635     -2085.912       15.321875     -399.71707     -1584.8926     -2238.793      -205.33196      61631.69       39.500388      39.500388      39.500388      1.0108906     -2237.1741     -2660.4035     -2549.3356    
      2600   2600           301.73507     -2352.7781     -2966.0113     -820.274        2709.3375     -3529.6115      731.24666      2010.862      -2093.7867      16.418912     -381.61713     -1578.733      -2234.0023     -202.36758      62534.502      39.692327      39.692327      39.692327      0.99629638    -2658.4571     -1552.7053     -2847.1719    
      2700   2700           295.58398     -2134.9483     -2816.7756     -840.2558       2654.1057     -3494.3615      721.97862      2010.1995     -2087.913       16.699474     -352.08587     -1573.1324     -2230.1079     -199.35297      63480.146      39.891402      39.891402      39.891402      0.98145486    -1787.9822     -2694.4716     -1922.3911    
      2800   2800           292.26188     -2233.273      -3022.826      -926.17814      2624.276      -3550.4541      733.98557      1925.0453     -2079.9906      15.453359     -336.24906     -1575.6138     -2233.0848     -196.58611      64373.6        40.077682      40.077682      40.077682      0.96783306    -1622.385      -2886.6855     -2190.7484    
      2900   2900           295.14536     -2493.4286     -3269.3776     -895.78975      2650.1673     -3545.957       703.99007      1957.5887     -2092.7153      15.628063     -318.33994     -1579.7003     -2232.4083     -193.87783      65272.837      40.263436      40.263436      40.263436      0.95449962    -3279.7545     -2253.997      -1946.5344    
      3000   3000           294.10252     -2780.6506     -3479.1105     -797.20554      2640.8034     -3438.009       733.5783       2021.5103     -2114.9723      16.476076     -287.44183     -1577.5505     -2229.6089     -191.35489      66133.434      40.439616      40.439616      40.439616      0.94207867    -2681.4862     -2951.6518     -2708.8138    
      3100   3100           303.40151     -1913.6239     -2605.0883     -733.29997      2724.3009     -3457.6008      726.25833      1969.0998     -2087.1379      16.187623     -263.56474     -1585.7244     -2232.7195     -188.68456      67069.375      40.629495      40.629495      40.629495      0.92893214    -2149.9581     -1977.1933     -1613.7203    
      3200   3200           301.9051      -1722.5798     -2393.1622     -681.58919      2710.8643     -3392.4535      737.88785      1989.6605     -2092.3933      15.707046     -233.2588      -1580.8867     -2229.1702     -185.74641      68130.285      40.842602      40.842602      40.842602      0.914467      -1791.8364     -2045.7006     -1330.2023    
      3300   3300           299.24713     -1721.2327     -2412.9377     -673.35052      2686.9979     -3360.3484      744.15541      1975.1106     -2095.3166      16.098235     -187.72689     -1583.9101     -2228.7591     -182.61224      69299.602      41.074938      41.074938      41.074938      0.89903688    -1937.1231     -1384.2789     -1842.2961    
      3400   3400           291.56573     -1668.3725     -2448.1501     -731.35883      2618.0251     -3349.384       728.17606      1995.9203     -2099.4449      16.132307     -187.71461     -1577.4909     -2224.9623     -179.35441      70558.375      41.322145      41.322145      41.322145      0.88299791    -2387.5577     -1142.29       -1475.2698    
      3500   3500           296.08429     -2431.363      -3246.232      -698.0232       2658.5981     -3356.6213      754.6546       1977.9071     -2133.1697      16.588557     -170.03666     -1577.2545     -2225.3107     -176.09674      71863.657      41.5754        41.5754        41.5754        0.86695974    -2147.5572     -3354.1171     -1792.4148    
      3600   3600           302.96261     -1846.9549     -2562.9183     -593.36104      2720.3599     -3313.721       715.84627      2002.4148     -2104.7771      16.493278     -143.94965     -1576.1614     -2223.587      -173.07096      73120.042      41.816288      41.816288      41.816288      0.85206321    -2097.4629     -1746.6843     -1696.7174    
      3700   3700           300.36137     -1726.4816     -2357.9579     -481.1153       2697.0029     -3178.1182      760.9897       2024.7353     -2106.8309      15.885227     -73.504452     -1577.1312     -2222.2619     -169.77378      74540.107      42.085259      42.085259      42.085259      0.83583054    -1883.9754     -1568.2781     -1727.1913    
      3800   3800           308.08368     -1132.6716     -1713.9745     -456.51298      2766.343      -3222.8559      756.29886      1960.3181     -2089.8471      15.79654      -72.696762     -1573.8123     -2218.9133     -166.24394      76122.809      42.381039      42.381039      42.381039      0.81845243    -678.22633     -1719.6448     -1000.1437    
      3900   3900           306.89242     -722.60875     -1288.4631     -469.09509      2755.6464     -3224.7415      729.11219      1932.4207     -2089.709       15.695696     -19.492769     -1574.7254     -2218.043      -162.76489      77749.91       42.680873      42.680873      42.680873      0.80132437    -1022.0496     -746.39119     -399.38543    
      4000   4000           297.2788      -564.38579     -1127.3856     -473.02227      2669.3239     -3142.3461      704.31261      2025.5289     -2074.2901      16.673943     -25.093485     -1570.8087     -2218.6693     -159.18188      79499.974      42.998733      42.998733      42.998733      0.7836845     -1443.5045      281.53679     -531.18961    
      4100   4100           295.3202      -1392.0041     -2139.8163     -488.81138      2651.7372     -3140.5486      739.05168      2005.2049     -2077.822       15.578884     -39.829012     -1566.9359     -2215.7972     -155.60683      81326.478      43.32554       43.32554       43.32554       0.76608381    -1267.4235     -1035.7331     -1872.8555    
      4200   4200           300.65401     -1142.3223     -1876.845      -490.88488      2699.6306     -3190.5155      710.20751      1949.3731     -2074.7176      15.425818     -10.837718     -1565.2945     -2214.6721     -152.11583      83192.889      43.654472      43.654472      43.654472      0.74889691    -1518.3175     -1386.8881     -521.76117    
      4300   4300           301.42119     -1553.3188     -2379.5617     -450.01049      2706.5192     -3156.5297      732.77386      1972.8738     -2100.9577      16.21319       6.2117999     -1569.694      -2213.9506     -148.57331      85176.507      43.99871       43.99871       43.99871       0.73145637    -2134.2805     -1583.5912     -942.08455    
      4400   4400           303.06106     -1201.5182     -1896.9396     -370.28041      2721.2439     -3091.5243      703.72547      1964.2741     -2052.797       15.212643      55.202924     -1566.4044     -2210.7381     -145.25289      87123.606      44.331451      44.331451      44.331451      0.71510927    -1667.35       -1765.8157     -171.38894    
      4500   4500           302.54383     -839.51938     -1370.5064     -278.06056      2716.5996     -2994.6602      751.85616      2000.6223     -2079.4868      15.807033      83.864774     -1560.856      -2206.4677     -141.82974      89226.388      44.685275      44.685275      44.685275      0.69825642    -1589.3088     -455.12905     -474.12034    
      4600   4600           308.09158     -837.51905     -1385.9169     -269.07019      2766.4139     -3035.4841      738.3367       1968.6311     -2072.2805      15.86217       74.758422     -1555.9555     -2204.8364     -138.40049      91437.218      45.051335      45.051335      45.051335      0.68137351    -1200.5081     -556.45254     -755.59648    
      4700   4700           301.80411     -1300.1731     -2125.7756     -348.29485      2709.9575     -3058.2523      736.57895      1919.8415     -2061.3756      14.477895      95.088709     -1556.3879     -2206.4759     -134.9997       93740.624      45.4265        45.4265        45.4265        0.66463072    -834.98423     -1956.5026     -1109.0325    
      4800   4800           298.6975      -823.15796     -1504.4898     -349.23701      2682.0627     -3031.2997      722.54651      1956.4744     -2057.9935      15.288931      103.86811     -1562.9378     -2208.5463     -131.50512      96231.656      45.825371      45.825371      45.825371      0.64742623    -306.50773     -1500.535      -662.4311     
      4900   4900           301.14392     -1285.1465     -2188.3424     -338.0088       2704.0295     -3042.0383      726.30602      1948.179      -2065.9951      16.368281      99.511294     -1559.0763     -2207.3314     -128.18557      98723.717      46.217576      46.217576      46.217576      0.63108339    -1521.5955     -1397.6402     -936.20388    
      5000   5000           298.34784     -784.61439     -1517.3721     -357.30704      2678.9229     -3036.23        698.99388      1923.4631     -2056.2244      15.657214      151.8267      -1561.6474     -2208.299      -124.82754      101379.51      46.628352      46.628352      46.628352      0.61455116    -629.29567     -1414.6452     -309.90225    
      5100   5100           294.32642     -485.92521     -1107.1956     -369.54589      2642.8139     -3012.3598      677.06112      1959.5436     -2064.8593      16.309324      165.86122     -1560.083      -2206.1928     -121.57821      104089.01      47.040106      47.040106      47.040106      0.59855404    -844.31342     -249.94524     -363.51696    
      5200   5200           292.58238     -580.63907     -1280.2766     -373.26211      2627.1538     -3000.4159      693.65084      1914.735      -2066.311       16.151018      204.41763     -1557.7512     -2205.3081     -118.14859      107110.51      47.490932      47.490932      47.490932      0.58166934    -308.63079     -688.81146     -744.47495    
      5300   5300           300.35544     -695.30956     -1366.0539     -248.36282      2696.9496     -2945.3124      722.94308      1898.9668     -2053.9377      14.913242      238.16997     -1562.5931     -2203.7748     -114.81349      110221.85      47.946389      47.946389      47.946389      0.56524995    -1432.7126     -292.85043     -360.3656     
      5400   5400           303.67224     -927.99123     -1708.7874     -172.7256       2726.7318     -2899.4574      711.61686      1968.6611     -2055.487       16.617848      211.00093     -1551.3846     -2200.4825     -111.49919      113498.19      48.416825      48.416825      48.416825      0.54893299    -929.33845     -1381.2791     -473.35612    
      5500   5500           300.3844      -624.58319     -1260.9634     -196.87454      2697.2097     -2894.0842      710.18559      1954.1323     -2056.5441      15.898669      232.41257     -1550.7112     -2199.458      -108.33005      116818.52      48.884431      48.884431      48.884431      0.53333066    -807.00373     -949.17209     -117.57375    
      5600   5600           299.27958     -644.45599     -1371.4245     -239.6922       2687.2893     -2926.9815      714.11099      1923.5879     -2058.1109      15.503351      231.94983     -1552.5441     -2201.4785     -105.09598      120413.32      49.380807      49.380807      49.380807      0.51740867    -855.39091     -1180.0379      102.0608     
      5700   5700           297.87808     -352.96003     -875.36199     -236.57361      2674.7049     -2911.2785      685.12682      1929.0559     -2062.137       15.681636      273.26407     -1552.9257     -2199.3443     -101.97766      124095.37      49.879091      49.879091      49.879091      0.50205657    -210.7978       186.8038      -1034.8861    
      5800   5800           296.39014     -605.00032     -1361.226      -231.28778      2661.3444     -2892.6322      689.349        1922.6698     -2041.9899      15.956334      279.6535      -1558.7115     -2199.5594     -98.818307      128062.87      50.405091      50.405091      50.405091      0.48650244    -636.94076     -390.47409     -787.58609    
      5900   5900           300.32515     -759.87217     -1670.6219     -206.52178      2696.6776     -2903.1994      705.96008      1894.9771     -2043.2558      15.224877      280.62388     -1554.6939     -2202.0356     -95.786936      132115.68      50.931303      50.931303      50.931303      0.47157839    -1164.2047     -764.00642     -351.4054     
      6000   6000           299.55252     -478.05756     -1094.6518     -144.51994      2689.74       -2834.26        718.40408      1887.6112     -2047.1705      14.675402      352.06633     -1558.9475     -2200.8989     -92.860886      136278.65      51.460729      51.460729      51.460729      0.45717286    -325.4367      -514.61825     -594.11775    
      6100   6100           310.28134     -341.64353     -767.35965     -65.70382       2786.0762     -2851.78        715.05669      1894.4806     -2057.6801      15.138682      337.25335     -1556.8328     -2199.1965     -89.863967      140823.47      52.026548      52.026548      52.026548      0.44241842    -300.88518     -266.72955     -457.31586    
      6200   6200           301.03081     -174.27859     -470.65207     -100.77855      2703.0139     -2803.7924      704.52193      1915.8272     -2035.0652      17.296502      344.95878     -1553.9371     -2197.3946     -86.961559      145523.56      52.599034      52.599034      52.599034      0.42812928    -275.98376      8.5121548     -255.36417    
      6300   6300           300.76239     -327.76001     -862.31658     -143.11566      2700.6037     -2843.7193      692.42181      1875.3444     -2044.6557      14.540659      372.15292     -1555.6592     -2197.8642     -84.108957      150459.07      53.187078      53.187078      53.187078      0.41408535    -228.96955     -472.28196     -282.02851    
      6400   6400           292.89683     -327.28157     -891.18727     -147.84651      2629.9773     -2777.8238      697.21023      1919.3205     -2052.2814      15.543252      395.62614     -1556.183      -2197.0595     -81.258747      155736.54      53.801804      53.801804      53.801804      0.40005319    -116.87993     -327.59167     -537.3731     
      6500   6500           300.14254     -492.44156     -1315.1363     -157.54615      2695.0379     -2852.5841      696.39029      1891.6485     -2074.238       16.526368      368.07399     -1553.6977     -2197.2875     -78.512062      161184.86      54.422031      54.422031      54.422031      0.38653071    -408.24813     -485.67764     -583.39891    
      6600   6600           298.19054     -363.68513     -1073.123      -188.45012      2677.5105     -2865.9607      663.0254       1850.9078     -2057.1648      15.294117      424.4168      -1562.9436     -2199.4963     -75.871619      166794.33      55.046168      55.046168      55.046168      0.37353127    -582.88628     -150.96008     -357.20903    
      6700   6700           298.53121     -571.76575     -1637.7191     -194.36312      2680.5695     -2874.9326      705.11763      1836.6165     -2061.33        15.33637       387.18346     -1559.3611     -2198.4955     -73.110746      173092.96      55.730525      55.730525      55.730525      0.35993894    -545.52442     -926.02721     -243.74563    
      6800   6800           295.47839     -353.27016     -1064.8065     -140.41824      2653.1577     -2793.5759      694.32868      1890.5354     -2054.2754      16.432716      410.77878     -1556.1224     -2195.2537     -70.532467      179420.29      56.401483      56.401483      56.401483      0.34724555    -93.009876     -193.40001     -773.40058    
      6900   6900           302.22789     -19.36333      -133.16729     -80.61182       2713.7627     -2794.3745      667.0763       1880.5628     -2059.6976      16.455157      450.73617     -1555.9018     -2193.6055     -67.998396      186106.68      57.093586      57.093586      57.093586      0.33476981    -69.565704     -81.735681      93.211395    
      7000   7000           303.56861     -124.50962     -446.15296     -94.828497      2725.8013     -2820.6298      694.76057      1837.4705     -2079.6513      15.788828      459.57925     -1554.8598     -2193.7179     -65.408025      193477.11      57.837547      57.837547      57.837547      0.32201689    -192.98667     -139.25781     -41.284374    
      7100   7100           295.14976     -357.38586     -1185.7436     -137.68389      2650.2068     -2787.8907      680.43445      1875.4788     -2070.649       16.649203      453.55371     -1552.204      -2191.1539     -62.934364      201081.81      58.585606      58.585606      58.585606      0.30983856    -378.89543     -485.08874     -208.17342    
      7200   7200           295.23247     -181.79104     -658.07424     -103.7607       2650.9495     -2754.7102      655.20379      1880.139      -2060.7784      16.359465      496.72123     -1553.5178     -2188.8375     -60.527608      209077.41      59.352048      59.352048      59.352048      0.29798961    -116.39993     -273.48181     -155.49139    
      7300   7300           298.58447     -416.54743     -1372.0823     -48.359455      2681.0478     -2729.4072      696.6432       1842.0398     -2046.29        16.093556      497.74003     -1547.6074     -2188.0264     -58.076968      217899.73      60.175388      60.175388      60.175388      0.28592462    -355.9675      -408.37551     -485.2993     
      7400   7400           303.97791     -234.35708     -780.41167     -4.5068221      2729.4765     -2733.9833      665.69629      1841.0417     -2041.377       15.94544       538.22227     -1559.9151     -2193.5968     -55.745028      227014.97      61.003043      61.003043      61.003043      0.27444401    -88.585309     -456.45744     -158.02849    
      7500   7500           299.91443     -329.68162     -1223.0273     -83.916561      2692.9897     -2776.9062      672.91789      1811.4523     -2042.4985      16.579154      513.33234     -1554.5036     -2194.1858     -53.415253      236916.52      61.877361      61.877361      61.877361      0.26297406    -433.22721     -458.53039     -97.287247    
      7600   7600           296.47526     -169.06756     -710.89724     -101.54036      2662.1087     -2763.6491      667.86476      1850.615      -2069.1519      16.803991      520.16348     -1554.5755     -2195.3689     -51.206498      247135.74      62.754545      62.754545      62.754545      0.25209991    -276.74679     -140.01033     -90.445539    
      7700   7700           296.10289     -292.84283     -1193.7239     -90.450204      2658.7651     -2749.2153      688.9884       1811.8956     -2062.7764      16.277941      543.31016     -1552.7954     -2194.1155     -48.987792      258328.76      63.687997      63.687997      63.687997      0.24117677    -158.43208     -254.35391     -465.74252    
      7800   7800           301.84658     -298.29613     -1215.3414     -39.651248      2710.3389     -2749.9901      669.3616       1800.3307     -2055.7973      15.549227      569.91945     -1555.6316     -2193.7222     -46.826452      270252.28      64.653165      64.653165      64.653165      0.23053606    -434.39603     -181.77805     -278.71432    
      7900   7900           307.30887     -297.70186     -1233.9493     -4.9485736      2759.3858     -2764.3344      665.58882      1790.0467     -2070.7376      16.168714      584.54576     -1557.5825     -2192.3642     -44.706012      283070.56      65.6596        65.6596        65.6596        0.22009671    -412.82021     -392.26345     -88.021905    
      8000   8000           301.61742     -234.82087     -1079.2907     -62.858534      2708.2811     -2771.1397      645.38323      1800.63       -2085.281       17.206595      602.32795     -1559.3501     -2192.0564     -42.637804      296801.31      66.704521      66.704521      66.704521      0.2099145     -125.22106     -223.77558     -355.46596    
      8100   8100           296.48683     -289.17784     -1381.9503     -68.353781      2662.2126     -2730.5664      655.48365      1817.2868     -2076.5687      17.046076      600.61974     -1552.496      -2191.9379     -40.629318      311473.5       67.786056      67.786056      67.786056      0.20002632    -59.696923     -425.69672     -382.13988    
      8200   8200           297.64526     -44.712445     -247.65068     -34.21058       2672.6144     -2706.8249      623.55485      1815.0214     -2059.3342      16.445651      645.43604     -1555.5979     -2192.3507     -38.66241       327319.37      68.91661       68.91661       68.91661       0.19034284     17.953362     -174.50318      22.412484    
      8300   8300           301.59308     -111.8164      -567.46236     -5.6402504      2708.0626     -2713.7028      628.99276      1842.3236     -2070.654       16.57991       614.99682     -1553.2316     -2192.7104     -36.731883      344522.38      70.103411      70.103411      70.103411      0.18083846    -136.91933      32.226401     -230.75626    
      8400   8400           298.06502     -195.40058     -1096.6946     -62.334272      2676.3835     -2738.7178      631.42319      1815.8169     -2070.9048      17.29861       610.34821     -1549.3381     -2193.3617     -34.865069      362969.48      71.332925      71.332925      71.332925      0.17164776    -331.90027     -128.44591     -125.85556    
      8500   8500           300.32907     -109.75343     -679.71424     -67.063441      2696.7128     -2763.7762      646.4535       1759.6721     -2087.0624      17.66886       646.27173     -1552.7741     -2194.006      -33.06295       382753.37      72.606083      72.606083      72.606083      0.16277557    -184.90886     -199.02296      54.671538    
      8600   8600           303.80867     -147.45709     -914.34757     -44.542374      2727.9568     -2772.4992      622.80217      1788.9188     -2078.2182      18.83903       616.01763     -1547.1046     -2193.754      -31.288172      404464.53      73.953741      73.953741      73.953741      0.15403798    -0.09370956    -286.39741     -155.88015    
      8700   8700           302.21716     -134.33625     -870.24023     -32.697709      2713.6664     -2746.3641      637.80464      1767.0305     -2076.1836      16.909146      651.47284     -1548.7684     -2194.6292     -29.602123      427501.62      75.331958      75.331958      75.331958      0.14573722    -114.70708     -190.8894      -97.412259    
      8800   8800           297.62356     -67.348014     -543.14214     -97.796797      2672.4195     -2770.2163      629.78086      1712.0509     -2079.8594      16.37823       695.7984      -1551.0852     -2193.2801     -27.910293      453415.36      76.824323      76.824323      76.824323      0.137408      -46.300705      2.6527751     -158.39611    
      8900   8900           302.06923     -147.08201     -1091.548      -58.620073      2712.3381     -2770.9581      627.67473      1740.4699     -2071.6717      17.271257      658.94501     -1549.8262     -2193.8211     -26.280042      481542.45      78.381131      78.381131      78.381131      0.12938194    -246.74827     -89.299228     -105.19853    
      9000   9000           304.44978     -93.06609      -712.50449     -17.457401      2733.7135     -2751.1709      606.38087      1732.5398     -2074.2114      17.307259      708.01634     -1548.6453     -2192.5585     -24.712334      512090.68      80.004723      80.004723      80.004723      0.1216638     -154.99445     -120.37354     -3.8302803    
      9100   9100           301.42454     -191.63989     -1547.2979     -22.995226      2706.5492     -2729.5445      643.59677      1744.5697     -2062.1672      17.917942      659.28773     -1542.1044     -2190.6451     -23.203378      545392.82      81.702712      81.702712      81.702712      0.11423491    -81.153369     -290.22966     -203.53663    
      9200   9200           304.33643     -105.51108     -908.63145     -13.16421       2732.6957     -2745.8599      631.38378      1721.6729     -2074.0004      17.873265      687.44863     -1541.2876     -2188.9504     -21.746275      581936.72      83.48823       83.48823       83.48823       0.10706129    -177.92018     -119.25351     -19.359541    
      9300   9300           308.26843     -144.90404     -1286.5784      28.170285      2768.0019     -2739.8316      617.03317      1750.9248     -2083.9896      18.023256      690.52119     -1541.1952     -2191.1491     -20.341091      622137.51      85.36807       85.36807       85.36807       0.10014329    -188.70687     -216.92921     -29.076031    
      9400   9400           308.06679     -163.58383     -1566.9405      23.954456      2766.1913     -2742.2368      628.9009       1715.6762     -2068.2333      17.651025      701.51672     -1542.0697     -2195.6787     -18.977342      666845.54      87.365859      87.365859      87.365859      0.093429278   -258.88332     -72.439667     -159.4285     
      9500   9500           311.88582     -194.43038     -1984.066       46.703395      2800.4831     -2753.7797      627.66461      1742.7686     -2077.9093      18.998685      667.65799     -1536.0034     -2196.9568     -17.670141      716177.41      89.469197      89.469197      89.469197      0.086993666   -230.59239     -193.67912     -159.01962    
      9600   9600           314.24887     -138.44442     -1499.6066      57.266321      2821.7014     -2764.4351      622.97911      1673.8529     -2054.0697      18.965731      716.47881     -1540.9464     -2201.6955     -16.411898      771084.22      91.699564      91.699564      91.699564      0.080799084   -153.64178     -103.89764     -157.79385    
      9700   9700           314.00396     -165.74938     -1960.028       53.21894       2819.5023     -2766.2834      622.72142      1701.8316     -2057.7879      19.34596       683.29842     -1535.741      -2199.9519     -15.194674      832854.71      94.085583      94.085583      94.085583      0.074806443   -163.21587     -246.10993     -87.922337    
      9800   9800           315.86987     -145.53371     -1867.8187      47.097827      2836.2567     -2789.1589      621.15341      1633.4181     -2033.3594      18.548929      712.83218     -1541.5313     -2200.2208     -14.026531      902215.66      96.628103      96.628103      96.628103      0.069055439   -142.86921     -199.85472     -93.877203    
      9900   9900           313.86993     -153.54013     -2140.7262      54.611902      2818.2989     -2763.687       646.2459       1651.2049     -2049.8148      19.445216      705.66822     -1535.0247     -2201.4116     -12.907943      980400.67      99.342374      99.342374      99.342374      0.063548404   -152.92994     -137.96964     -169.72083    
     10000   10000          316.86821     -173.18417     -2631.2767      69.118371      2845.2209     -2776.1025      693.21507      1573.1425     -2036.9763      18.973637      714.95414     -1533.3982     -2206.0134     -11.836339      1069161.3      102.25418      102.25418      102.25418      0.058272683   -171.66158     -140.97086     -206.92005    
     10100   10100          320.88498     -211.64272     -3481.0945      129.80893      2881.2883     -2751.4794      672.00571      1636.6874     -2024.1358      19.746256      683.29777     -1528.5682     -2210.5126     -10.817427      1169867.4      105.36884      105.36884      105.36884      0.053256375   -231.69075     -165.89015     -237.34726    
     10200   10200          324.17413     -198.56775     -3529.1762      193.0905       2910.8222     -2717.7317      706.40967      1607.8009     -2037.3496      20.682544      717.10752     -1521.9516     -2210.4311     -9.8454992      1285354.4      108.72789      108.72789      108.72789      0.048471377   -234.91983     -173.41458     -187.36883    
     10300   10300          328.13553     -204.94189     -3966.7551      273.87639      2946.3924     -2672.516       729.45888      1636.2824     -2020.9236      22.156548      692.66925     -1519.0475     -2213.1119     -8.9194223      1418808.9      112.36765      112.36765      112.36765      0.043912114   -228.96904     -190.13448     -195.72216    
     10400   10400          338.69751     -237.17526     -4994.5732      445.79627      3041.2305     -2595.4342      827.40762      1661.0072     -2018.0569      24.366503      630.71488     -1505.938      -2214.9355     -8.0459534      1572834.8      116.295        116.295        116.295        0.03961185    -263.07871     -229.09491     -219.35216    
     10500   10500          350.2165      -240.63794     -5494.3377      657.38468      3144.6617     -2487.277       892.29699      1683.1273     -2014.0242      25.896158      634.58125     -1493.6144     -2215.54       -7.2194462      1752898.4      120.57361      120.57361      120.57361      0.035542789   -286.28919     -227.72432     -207.90029    
     10600   10600          360.89654     -230.8746      -5698.027       919.5267       3240.5599     -2321.0332      995.17561      1686.7174     -1976.0196      27.133086      649.57943     -1487.716      -2215.9032     -6.4389522      1965375        125.26079      125.26079      125.26079      0.03170026    -256.80611     -223.72933     -212.08836    
     10700   10700          371.95656     -258.06576     -7083.1743      1266.5028      3339.87       -2073.3671      1182.3329      1752.3303     -1952.5717      30.574178      604.34291     -1471.5969     -2218.7788     -5.7042326      2218520.3      130.42309      130.42309      130.42309      0.028083087   -270.92995     -261.52057     -241.74676    
     10800   10800          392.69534     -298.08863     -9127.3241      1833.6398      3526.0874     -1692.4476      1488.6233      1842.1584     -1915.036       33.811788      531.28727     -1451.0512     -2222.2412     -5.0191848      2521317        136.10554      136.10554      136.10554      0.024710458   -305.39704     -305.60215     -283.2667     
     10900   10900          419.12163     -308.80771     -10433.335      2578.5595      3763.3742     -1184.8147      1873.0033      1951.0587     -1854.9056      37.458254      470.04996     -1434.7361     -2226.7432     -4.3801008      2889192.8      142.42695      142.42695      142.42695      0.021564119   -335.5565      -317.80352     -273.0631     
     11000   11000          448.66265     -312.73029     -11647.551      3594.5882      4028.6287     -434.04056      2405.7118      2129.6223     -1811.8465      43.325385      444.28821     -1414.4559     -2230.6858     -3.7866969      3341951        149.50878      149.50878      149.50878      0.018642672   -330.91737     -337.96397     -269.30952    
     11100   11100          479.1235      -333.70299     -13988.54       5029.856       4302.1426      727.71341      3263.4607      2422.6054     -1761.0211      52.47071       360.42125     -1377.7837     -2232.4399     -3.2383421      3907850.2      157.51163      157.51163      157.51163      0.015943011   -353.75984     -352.12487     -295.22427    
     11200   11200          523.34535     -346.94204     -16347.32       7069.394       4699.2191      2370.1748      4484.9825      2788.6036     -1667.3977      63.046948      281.64165     -1343.8655     -2236.8367     -2.7344343      4627997.7      166.64708      166.64708      166.64708      0.013462171   -374.01288     -371.09693     -295.7163     
     11300   11300          572.77505     -364.71565     -19543.162      10048.307      5143.058       4905.2486      6352.8779      3412.9808     -1586.0742      79.966382      182.70392     -1294.8535     -2242.3527     -2.2747015      5563347.9      177.19253      177.19253      177.19253      0.011198814   -390.0784      -390.32822     -313.74034    
     11400   11400          644.33742     -381.17105     -23437.743      14412.707      5785.6303      8627.0769      9104.3513      4297.9897     -1472.6339      103.57025      83.59996      -1239.4907     -2250.3096     -1.8585976      6808873.3      189.53602      189.53602      189.53602      0.0091502508  -405.53869     -411.97214     -326.00233    
     11500   11500          730.01662     -402.43336     -28911.413      21077.59       6554.9605      14522.629      13381.045      5671.9149     -1229.2867      141.61828     -4.5335365     -1179.4879     -2258.6407     -1.4857852      8517352.3      204.22154      204.22154      204.22154      0.0073148199  -422.68394     -435.67353     -348.94262    
     11600   11600          854.59616     -438.16171     -38041.864      31885.268      7673.5843      24211.684      20291.553      7989.3602     -832.85793      208.99642     -81.692631     -1099.109      -2264.5655     -1.1564456      10942975       222.01303      222.01303      222.01303      0.005693415   -453.07245     -476.57253     -384.84015    
     11700   11700          1080.6468     -495.76688     -54380.494      50703.43       9703.3365      41000.093      32405.733      11779.441     -154.37965      325.09169     -77.344026     -1008.516      -2269.9323     -0.87071845     14533924       244.03997      244.03997      244.03997      0.0042867224  -500.15306     -541.60059     -445.54698    
     11800   11800          1620.8801     -610.58057     -91198.1        87775.839      14554.196      73221.644      56915.949      18813.213      156.88219      535.97038     -7.8019103     -914.98134     -2277.5879     -0.62963622     20098837       271.88817      271.88817      271.88817      0.003099826   -598.99536     -670.48554     -562.26079    
     11900   11900          3655.8716     -890.68019     -195116.73      182403.69      32826.778      149576.91      121986.87      31239.148     -1608.4072      814.03198      257.57425     -826.79524     -2285.5123     -0.43542952     29063156       307.45455      307.45455      307.45455      0.0021437073  -851.81836     -990.25392     -829.9683     
WARNING: Shake determinant < 0.0 (src/KOKKOS/fix_shake_kokkos.cpp:430)
ERROR: Non-numeric pressure - simulation unstable
For more information see https://docs.lammps.org/err0006 (src/fix_nh.cpp:1044)
Last input line: run 500000
