units real
atom_style full
boundary p p p

# --- Force Field Styles ---
pair_style lj/class2/coul/long 9.5 9.5
kspace_style pppm 1e-6
dielectric 1.000000
bond_style class2
angle_style class2
dihedral_style class2
improper_style class2
special_bonds lj/coul 0 0 1
pair_modify mix sixthpower tail yes
neighbor 2.0 bin
neigh_modify delay 0 every 1 check yes
neigh_modify one 4000
package gpu 1 neigh no

read_data /home/alexzhao/PolyJarvis/data/PROPSULFIDE_CURATED/lammps/build/emc_build.data
Reading data file ...
  orthogonal box = (0 0 0) to (42.324459 42.324459 42.324459)
  2 by 2 by 2 MPI processor grid
  reading atoms ...
  4020 atoms
  scanning bonds ...
  4 = max bonds/atom
  scanning angles ...
  6 = max angles/atom
  scanning dihedrals ...
  11 = max dihedrals/atom
  scanning impropers ...
  4 = max impropers/atom
  orthogonal box = (0 0 0) to (42.324459 42.324459 42.324459)
  2 by 2 by 2 MPI processor grid
  reading bonds ...
  4010 bonds
  reading angles ...
  7600 angles
  reading dihedrals ...
  9570 dihedrals
  reading impropers ...
  4800 impropers
Finding 1-2 1-3 1-4 neighbors ...
  special bond factors lj:    0        0        1       
  special bond factors coul:  0        0        1       
     4 = max # of 1-2 neighbors
     7 = max # of 1-3 neighbors
    11 = max # of special neighbors
  special bonds CPU = 0.000 seconds
  read_data CPU = 0.081 seconds
include /home/alexzhao/PolyJarvis/data/PROPSULFIDE_CURATED/lammps/build/emc_build.params
# LAMMPS parameters created by EMC v9.4.4, build Jul 31 2025 20:33:44

# Variables

variable	seed		index	1001
variable	ntotal		index	4020
variable	fshape		index	1
variable	output		index	emc_build
variable	field		index	pcff/pcff
variable	location1	index	~/emc/field/
variable	nav		index	0.6022141179
variable	temperature	index	300
variable	radius		index	5
variable	nrelax		index	100
variable	weight_nonbond	index	0.0001
variable	weight_bond	index	0.0001
variable	weight_focus	index	1
variable	cutoff		index	9.5
variable	charge_cutoff	index	9.5
variable	kappa		index	4
variable	density1	index	0.65
variable	lprevious	index	0
variable	lphase		index	42.3244592443
variable	f_poly		index	10
variable	chem_repeat	index	*CC(C)S*
variable	chem_cap	index	*[H]
variable	lg_repeat	index	10
variable	lg_cap		index	1
variable	norm_poly	index	100
variable	l_poly		index	402
variable	mg_repeat	index	30.07012
variable	mg_cap		index	0
variable	m_poly		index	1202.8048
variable	n_poly		index	10
variable	mtotal		index	29678.2674
variable	nphase1		index	4020
variable	mphase1		index	29678.2674
variable	vphase1		index	75818.3369767
variable	lbox		index	42.3244592443
variable	lphase1		index	42.3244592443
variable	lxx		index	42.3244592443
variable	lyy		index	42.3244592443
variable	lzz		index	42.3244592443
variable	lzy		index	0
variable	lzx		index	0
variable	lyx		index	0
variable	vtotal		index	75818.3369767
variable	nl_poly		index	10

# Types

variable	type_c		index	1
variable	type_c1		index	2
variable	type_hc		index	3
variable	type_hs		index	4
variable	type_s		index	5
variable	type_sc		index	6

variable	type_bond_c_c1	index	1
variable	type_bond_c_hc	index	2
variable	type_bond_c_sc	index	3
variable	type_bond_c1_hc	index	4
variable	type_bond_c1_s	index	5
variable	type_bond_c1_sc	index	6
variable	type_bond_hs_s	index	7

variable	type_angle_c_c1_c index	1
variable	type_angle_c_c1_hc index	2
variable	type_angle_c_c1_s index	3
variable	type_angle_c_c1_sc index	4
variable	type_angle_c_sc_c1 index	5
variable	type_angle_c1_c_hc index	6
variable	type_angle_c1_c_sc index	7
variable	type_angle_c1_s_hs index	8
variable	type_angle_hc_c_hc index	9
variable	type_angle_hc_c_sc index	10
variable	type_angle_hc_c1_s index	11
variable	type_angle_hc_c1_sc index	12

# Clusters

variable	n0_poly		index	1
variable	n1_poly		index	10
variable	nl_poly		index	10

# Flags

variable	flag_charged	index	1

# Masses

mass		1    12.01115  # c
mass		2    12.01115  # c1
mass		3     1.00797  # hc
mass		4     1.00797  # hs
mass		5    32.06400  # s
mass		6    32.06400  # sc

# Potentials

pair_modify	mix sixthpower tail yes
special_bonds	lj/coul 0 0 1

# Pair Coeffs

pair_coeff	 1  1    0.05400    4.01000  # c,c
pair_coeff	 2  2    0.05400    4.01000  # c1,c1
pair_coeff	 3  3    0.02000    2.99500  # hc,hc
pair_coeff	 4  4    0.02000    2.99500  # hs,hs
pair_coeff	 5  5    0.07100    4.02700  # s,s
pair_coeff	 6  6    0.07100    4.02700  # sc,sc

# Bond Coeffs

bond_coeff	1    1.53000  299.67000 -501.77000  679.81000  # c,c1
bond_coeff	2    1.10100  345.00000 -691.89000  844.60000  # c,hc
bond_coeff	3    1.82300  225.27680 -327.70570  488.97220  # c,sc
bond_coeff	4    1.10100  345.00000 -691.89000  844.60000  # c1,hc
bond_coeff	5    1.82300  225.27680 -327.70570  488.97220  # c1,s
bond_coeff	6    1.82300  225.27680 -327.70570  488.97220  # c1,sc
bond_coeff	7    1.32610  275.11230 -531.31810  562.96300  # hs,s

# Angle Coeffs

angle_coeff	 1  112.67000   39.51600   -7.44300   -9.55830  # c,c1,c
angle_coeff	 2  110.77000   41.45300  -10.60400    5.12900  # c,c1,hc
angle_coeff	 3  112.56420   47.02760  -10.67900  -10.16870  # c,c1,s
angle_coeff	 4  112.56420   47.02760  -10.67900  -10.16870  # c,c1,sc
angle_coeff	 5   97.50000   57.69380   -5.05590  -11.82060  # c,sc,c1
angle_coeff	 6  110.77000   41.45300  -10.60400    5.12900  # c1,c,hc
angle_coeff	 7  112.56420   47.02760  -10.67900  -10.16870  # c1,c,sc
angle_coeff	 8   96.84790   56.73360   14.27130    0.00000  # c1,s,hs
angle_coeff	 9  107.66000   39.64100  -12.92100   -2.43180  # hc,c,hc
angle_coeff	10  107.85220   51.49490  -13.52700    7.02600  # hc,c,sc
angle_coeff	11  107.85220   51.49490  -13.52700    7.02600  # hc,c1,s
angle_coeff	12  107.85220   51.49490  -13.52700    7.02600  # hc,c1,sc

# BondBond Coeffs

angle_coeff	 1 bb    0.00000    1.53000    1.53000  # c,c1,c
angle_coeff	 2 bb    3.38720    1.53000    1.10100  # c,c1,hc
angle_coeff	 3 bb   10.91860    1.53000    1.82300  # c,c1,s
angle_coeff	 4 bb   10.91860    1.53000    1.82300  # c,c1,sc
angle_coeff	 5 bb  -22.31440    1.82300    1.82300  # c,sc,c1
angle_coeff	 6 bb    3.38720    1.53000    1.10100  # c1,c,hc
angle_coeff	 7 bb   10.91860    1.53000    1.82300  # c1,c,sc
angle_coeff	 8 bb   -0.57000    1.82300    1.32610  # c1,s,hs
angle_coeff	 9 bb    5.33160    1.10100    1.10100  # hc,c,hc
angle_coeff	10 bb    7.04630    1.10100    1.82300  # hc,c,sc
angle_coeff	11 bb    7.04630    1.10100    1.82300  # hc,c1,s
angle_coeff	12 bb    7.04630    1.10100    1.82300  # hc,c1,sc

# BondAngle Coeffs

angle_coeff	 1 ba    8.01600    8.01600    1.53000    1.53000  # c,c1,c
angle_coeff	 2 ba   20.75400   11.42100    1.53000    1.10100  # c,c1,hc
angle_coeff	 3 ba   -3.56210   22.38650    1.53000    1.82300  # c,c1,s
angle_coeff	 4 ba   -3.56210   22.38650    1.53000    1.82300  # c,c1,sc
angle_coeff	 5 ba  -13.00150  -13.00150    1.82300    1.82300  # c,sc,c1
angle_coeff	 6 ba   20.75400   11.42100    1.53000    1.10100  # c1,c,hc
angle_coeff	 7 ba   -3.56210   22.38650    1.53000    1.82300  # c1,c,sc
angle_coeff	 8 ba   10.73250    5.12210    1.82300    1.32610  # c1,s,hs
angle_coeff	 9 ba   18.10300   18.10300    1.10100    1.10100  # hc,c,hc
angle_coeff	10 ba    9.32250   44.98740    1.10100    1.82300  # hc,c,sc
angle_coeff	11 ba    9.32250   44.98740    1.10100    1.82300  # hc,c1,s
angle_coeff	12 ba    9.32250   44.98740    1.10100    1.82300  # hc,c1,sc

# Dihedral Coeffs

dihedral_coeff	 1    0.00000    0.00000    0.03160    0.00000   -0.16810    0.00000  # c,c1,c,hc
dihedral_coeff	 2   -0.70170    0.00000    0.02010    0.00000    0.10400    0.00000  # c,c1,c,sc
dihedral_coeff	 3   -0.48710    0.00000   -0.45140    0.00000   -0.14280    0.00000  # c,c1,s,hs
dihedral_coeff	 4   -0.50730    0.00000    0.01550    0.00000   -0.06710    0.00000  # c,c1,sc,c
dihedral_coeff	 5   -0.33380    0.00000   -0.06840    0.00000   -0.17060    0.00000  # c,sc,c1,hc
dihedral_coeff	 6   -0.50730    0.00000    0.01550    0.00000   -0.06710    0.00000  # c1,c,sc,c1
dihedral_coeff	 7   -0.33380    0.00000   -0.06840    0.00000   -0.17060    0.00000  # c1,sc,c,hc
dihedral_coeff	 8   -0.14320    0.00000    0.06170    0.00000   -0.10830    0.00000  # hc,c,c1,hc
dihedral_coeff	 9   -0.20780    0.00000   -0.10600    0.00000   -0.35950    0.00000  # hc,c,c1,s
dihedral_coeff	10   -0.20780    0.00000   -0.10600    0.00000   -0.35950    0.00000  # hc,c,c1,sc
dihedral_coeff	11   -0.20780    0.00000   -0.10600    0.00000   -0.35950    0.00000  # hc,c1,c,sc
dihedral_coeff	12   -0.53740    0.00000   -0.50910    0.00000   -0.13610    0.00000  # hc,c1,s,hs
dihedral_coeff	13   -1.20020    0.00000   -1.29990    0.00000   -0.16260    0.00000  # s,c1,c,sc
dihedral_coeff	14   -1.20020    0.00000   -1.29990    0.00000   -0.16260    0.00000  # sc,c,c1,sc

# MiddleBondTorsion Coeffs

dihedral_coeff	 1 mbt  -14.87900   -3.65810   -0.31380    1.53000  # c,c1,c,hc
dihedral_coeff	 2 mbt   -4.25930   -5.64680   -3.38350    1.53000  # c,c1,c,sc
dihedral_coeff	 3 mbt    0.50200   -1.02040   -0.91770    1.82300  # c,c1,s,hs
dihedral_coeff	 4 mbt   -2.51720   -2.01070   -2.85470    1.82300  # c,c1,sc,c
dihedral_coeff	 5 mbt   -0.69550   -2.94270   -1.23720    1.82300  # c,sc,c1,hc
dihedral_coeff	 6 mbt   -2.51720   -2.01070   -2.85470    1.82300  # c1,c,sc,c1
dihedral_coeff	 7 mbt   -0.69550   -2.94270   -1.23720    1.82300  # c1,sc,c,hc
dihedral_coeff	 8 mbt  -14.26100   -0.53220   -0.48640    1.53000  # hc,c,c1,hc
dihedral_coeff	 9 mbt   -5.75370   -2.01040    0.28130    1.53000  # hc,c,c1,s
dihedral_coeff	10 mbt   -5.75370   -2.01040    0.28130    1.53000  # hc,c,c1,sc
dihedral_coeff	11 mbt   -5.75370   -2.01040    0.28130    1.53000  # hc,c1,c,sc
dihedral_coeff	12 mbt   -0.37290    0.53730   -0.70350    1.82300  # hc,c1,s,hs
dihedral_coeff	13 mbt    1.70010   -3.34790   -0.80670    1.53000  # s,c1,c,sc
dihedral_coeff	14 mbt    1.70010   -3.34790   -0.80670    1.53000  # sc,c,c1,sc

# EndBondTorsion Coeffs

dihedral_coeff	 1 ebt    0.24860    0.24220   -0.09250    0.08140    0.05910    0.22190    1.53000    1.10100  # c,c1,c,hc
dihedral_coeff	 2 ebt   -0.15860   -0.72440   -0.26080   -0.79910   -0.95900    0.58550    1.53000    1.82300  # c,c1,c,sc
dihedral_coeff	 3 ebt    0.10260    0.09360   -0.04040   -0.30080    0.06060    0.45010    1.53000    1.32610  # c,c1,s,hs
dihedral_coeff	 4 ebt   -0.25420   -0.79840   -0.65250   -0.30470   -0.01090   -0.37630    1.53000    1.82300  # c,c1,sc,c
dihedral_coeff	 5 ebt    0.25920   -0.01660    0.13060   -0.41000    0.06680    0.41870    1.82300    1.10100  # c,sc,c1,hc
dihedral_coeff	 6 ebt   -0.25420   -0.79840   -0.65250   -0.30470   -0.01090   -0.37630    1.53000    1.82300  # c1,c,sc,c1
dihedral_coeff	 7 ebt    0.25920   -0.01660    0.13060   -0.41000    0.06680    0.41870    1.82300    1.10100  # c1,sc,c,hc
dihedral_coeff	 8 ebt    0.21300    0.31200    0.07770    0.21300    0.31200    0.07770    1.10100    1.10100  # hc,c,c1,hc
dihedral_coeff	 9 ebt   -0.15260   -0.37100    0.10480    1.06610    0.32980    0.42500    1.10100    1.82300  # hc,c,c1,s
dihedral_coeff	10 ebt   -0.15260   -0.37100    0.10480    1.06610    0.32980    0.42500    1.10100    1.82300  # hc,c,c1,sc
dihedral_coeff	11 ebt   -0.15260   -0.37100    0.10480    1.06610    0.32980    0.42500    1.10100    1.82300  # hc,c1,c,sc
dihedral_coeff	12 ebt    0.43760    0.20010   -1.06960    0.29020    0.06950    0.17260    1.10100    1.32610  # hc,c1,s,hs
dihedral_coeff	13 ebt   -0.32520    0.50080    0.51910   -0.32520    0.50080    0.51910    1.82300    1.82300  # s,c1,c,sc
dihedral_coeff	14 ebt   -0.32520    0.50080    0.51910   -0.32520    0.50080    0.51910    1.82300    1.82300  # sc,c,c1,sc

# AngleTorsion Coeffs

dihedral_coeff	 1 at   -0.24540    0.00000   -0.11360    0.31130    0.45160   -0.19880  112.67000  110.77000  # c,c1,c,hc
dihedral_coeff	 2 at   -2.09270   -0.14980   -1.78480    1.11790    0.36380    0.94230  112.67000  112.56420  # c,c1,c,sc
dihedral_coeff	 3 at   -0.60450    3.89410    0.88850    1.01930   -0.60160    0.20970  112.56420   96.84790  # c,c1,s,hs
dihedral_coeff	 4 at    5.12890    2.09270   -2.40040   -4.54890    0.08860    0.62370  112.56420   97.50000  # c,c1,sc,c
dihedral_coeff	 5 at   -1.08880   -0.20000   -0.09090    0.59620    3.34790    0.22650   97.50000  107.85220  # c,sc,c1,hc
dihedral_coeff	 6 at    5.12890    2.09270   -2.40040   -4.54890    0.08860    0.62370  112.56420   97.50000  # c1,c,sc,c1
dihedral_coeff	 7 at   -1.08880   -0.20000   -0.09090    0.59620    3.34790    0.22650   97.50000  107.85220  # c1,sc,c,hc
dihedral_coeff	 8 at   -0.80850    0.55690   -0.24660   -0.80850    0.55690   -0.24660  110.77000  110.77000  # hc,c,c1,hc
dihedral_coeff	 9 at   -2.03820    0.21020   -0.90230    0.33220   -0.05190   -0.35530  110.77000  112.56420  # hc,c,c1,s
dihedral_coeff	10 at   -2.03820    0.21020   -0.90230    0.33220   -0.05190   -0.35530  110.77000  112.56420  # hc,c,c1,sc
dihedral_coeff	11 at   -2.03820    0.21020   -0.90230    0.33220   -0.05190   -0.35530  110.77000  112.56420  # hc,c1,c,sc
dihedral_coeff	12 at   -2.25330    2.69480   -0.17230    1.43400   -0.19150   -0.26110  107.85220   96.84790  # hc,c1,s,hs
dihedral_coeff	13 at   -5.05650   -0.63550    0.60150   -5.05650   -0.63550    0.60150  112.56420  112.56420  # s,c1,c,sc
dihedral_coeff	14 at   -5.05650   -0.63550    0.60150   -5.05650   -0.63550    0.60150  112.56420  112.56420  # sc,c,c1,sc

# AngleAngleTorsion Coeffs

dihedral_coeff	 1 aat  -16.16400  112.67000  110.77000  # c,c1,c,hc
dihedral_coeff	 2 aat  -26.71000  112.67000  112.56420  # c,c1,c,sc
dihedral_coeff	 3 aat  -28.17280  112.56420   96.84790  # c,c1,s,hs
dihedral_coeff	 4 aat  -32.89490  112.56420   97.50000  # c,c1,sc,c
dihedral_coeff	 5 aat  -26.49000   97.50000  107.85220  # c,sc,c1,hc
dihedral_coeff	 6 aat  -32.89490  112.56420   97.50000  # c1,c,sc,c1
dihedral_coeff	 7 aat  -26.49000   97.50000  107.85220  # c1,sc,c,hc
dihedral_coeff	 8 aat  -12.56400  110.77000  110.77000  # hc,c,c1,hc
dihedral_coeff	 9 aat  -13.10260  110.77000  112.56420  # hc,c,c1,s
dihedral_coeff	10 aat  -13.10260  110.77000  112.56420  # hc,c,c1,sc
dihedral_coeff	11 aat  -13.10260  110.77000  112.56420  # hc,c1,c,sc
dihedral_coeff	12 aat  -18.63340  107.85220   96.84790  # hc,c1,s,hs
dihedral_coeff	13 aat  -13.96740  112.56420  112.56420  # s,c1,c,sc
dihedral_coeff	14 aat  -13.96740  112.56420  112.56420  # sc,c,c1,sc

# BondBond13 Coeffs

dihedral_coeff	 1 bb13    0.00000    1.53000    1.10100  # c,c1,c,hc
dihedral_coeff	 2 bb13    0.00000    1.53000    1.82300  # c,c1,c,sc
dihedral_coeff	 3 bb13    0.00000    1.53000    1.32610  # c,c1,s,hs
dihedral_coeff	 4 bb13    0.00000    1.53000    1.82300  # c,c1,sc,c
dihedral_coeff	 5 bb13    0.00000    1.82300    1.10100  # c,sc,c1,hc
dihedral_coeff	 6 bb13    0.00000    1.53000    1.82300  # c1,c,sc,c1
dihedral_coeff	 7 bb13    0.00000    1.82300    1.10100  # c1,sc,c,hc
dihedral_coeff	 8 bb13    0.00000    1.10100    1.10100  # hc,c,c1,hc
dihedral_coeff	 9 bb13    0.00000    1.10100    1.82300  # hc,c,c1,s
dihedral_coeff	10 bb13    0.00000    1.10100    1.82300  # hc,c,c1,sc
dihedral_coeff	11 bb13    0.00000    1.10100    1.82300  # hc,c1,c,sc
dihedral_coeff	12 bb13    0.00000    1.10100    1.32610  # hc,c1,s,hs
dihedral_coeff	13 bb13    0.00000    1.82300    1.82300  # s,c1,c,sc
dihedral_coeff	14 bb13    0.00000    1.82300    1.82300  # sc,c,c1,sc

# Improper Coeffs

improper_coeff	 1    0.00000    0.00000  # c,c1,hc,hc
improper_coeff	 2    0.00000    0.00000  # c,c1,hc,sc
improper_coeff	 3    0.00000    0.00000  # c,hc,hc,hc
improper_coeff	 4    0.00000    0.00000  # c,hc,hc,sc
improper_coeff	 5    0.00000    0.00000  # c1,c,c,hc
improper_coeff	 6    0.00000    0.00000  # c1,c,c,s
improper_coeff	 7    0.00000    0.00000  # c1,c,c,sc
improper_coeff	 8    0.00000    0.00000  # c1,c,hc,s
improper_coeff	 9    0.00000    0.00000  # c1,c,hc,sc
improper_coeff	10    0.00000    0.00000  # c1,c,s,hc
improper_coeff	11    0.00000    0.00000  # c1,c,sc,hc

# AngleAngle Coeffs

improper_coeff	 1 aa    0.27380   -0.48250    0.27380  110.77000  110.77000  107.66000  # c,c1,hc,hc
improper_coeff	 2 aa    2.79850   -3.00310   -0.06680  110.77000  112.56420  107.85220  # c,c1,hc,sc
improper_coeff	 3 aa   -0.31570   -0.31570   -0.31570  107.66000  107.66000  107.66000  # c,hc,hc,hc
improper_coeff	 4 aa    0.50860    0.50860   -0.06400  107.66000  107.85220  107.85220  # c,hc,hc,sc
improper_coeff	 5 aa   -1.31990   -1.31990    0.11840  112.67000  110.77000  110.77000  # c1,c,c,hc
improper_coeff	 6 aa   -0.25640   -0.25640   -0.87660  112.67000  112.56420  112.56420  # c1,c,c,s
improper_coeff	 7 aa   -0.25640   -0.25640   -0.87660  112.67000  112.56420  112.56420  # c1,c,c,sc
improper_coeff	 8 aa    2.79850   -3.00310   -0.06680  110.77000  112.56420  107.85220  # c1,c,hc,s
improper_coeff	 9 aa    2.79850   -3.00310   -0.06680  110.77000  112.56420  107.85220  # c1,c,hc,sc
improper_coeff	10 aa   -0.06680   -3.00310    2.79850  112.56420  110.77000  107.85220  # c1,c,s,hc
improper_coeff	11 aa   -0.06680   -3.00310    2.79850  112.56420  110.77000  107.85220  # c1,c,sc,hc


# --- Thermo Output ---
thermo_style custom step time temp press etotal pe ebond eangle edihed eimp evdwl ecoul elong vol lx ly lz density
thermo_modify flush yes
thermo 500

# --- Trajectory ---
dump dump_min all custom 1000 minimize.dump id type mol x y z ix iy iz

# --- Minimization ---
min_style cg
minimize 1e-06 1e-06 50000 100000

CITE-CITE-CITE-CITE-CITE-CITE-CITE-CITE-CITE-CITE-CITE-CITE-CITE

Your simulation uses code contributions which should be cited:

- GPU package (short-range, long-range and three-body potentials): doi:10.1016/j.cpc.2010.12.021, doi:10.1016/j.cpc.2011.10.012, doi:10.1016/j.cpc.2013.08.002, doi:10.1016/j.commatsci.2014.10.068, doi:10.1016/j.cpc.2016.10.020, doi:10.3233/APC200086

@Article{Brown11,
 author = {W. M. Brown and P. Wang and S. J. Plimpton and A. N. Tharrington},
 title = {Implementing Molecular Dynamics on Hybrid High Performance Computers---Short Range Forces},
 journal = {Comput.\ Phys.\ Commun.},
 year =    2011,
 volume =  182,
 pages =   {898--911},
 doi =     {10.1016/j.cpc.2010.12.021}
}

@Article{Brown12,
 author = {W. M. Brown and A. Kohlmeyer and S. J. Plimpton and A. N. Tharrington},
 title = {Implementing Molecular Dynamics on Hybrid High Performance Computers - Particle-Particle Particle-Mesh},
 journal = {Comput.\ Phys.\ Commun.},
 year =    2012,
 volume =  183,
 doi =     {10.1016/j.cpc.2011.10.012},
 pages =   {449--459}
}

@Article{Brown13,
 author = {W. M. Brown and Y. Masako},
 title = {Implementing Molecular Dynamics on Hybrid High Performance Computers---Three-Body Potentials},
 journal = {Comput.\ Phys.\ Commun.},
 year =    2013,
 volume =  184,
 pages =   {2785--2793},
 doi =     {10.1016/j.cpc.2013.08.002},
}

@Article{Trung15,
 author = {T. D. Nguyen and S. J. Plimpton},
 title = {Accelerating Dissipative Particle Dynamics Simulations for Soft Matter Systems},
 journal = {Comput.\ Mater.\ Sci.},
 year =    2015,
 doi =     {10.1016/j.commatsci.2014.10.068},
 volume =  100,
 pages =   {173--180}
}

@Article{Trung17,
 author = {T. D. Nguyen},
 title = {{GPU}-Accelerated {T}ersoff Potentials for Massively Parallel
    Molecular Dynamics Simulations},
 journal = {Comput.\ Phys.\ Commun.},
 year =    2017,
 doi =     {10.1016/j.cpc.2016.10.020},
 volume =  212,
 pages =   {113--122}
}

@inproceedings{Nikolskiy19,
 author = {V. Nikolskiy and V. Stegailov},
 title = {{GPU} Acceleration of Four-Site Water Models in {LAMMPS}},
 booktitle = {Proceedings of the International Conference on Parallel
    Computing (ParCo 2019), Prague, Czech Republic},
 doi =     {10.3233/APC200086},
 year =    2019
}

CITE-CITE-CITE-CITE-CITE-CITE-CITE-CITE-CITE-CITE-CITE-CITE-CITE

PPPM initialization ...
  using 12-bit tables for long-range coulomb
  G vector (1/distance) = 0.28087215
  grid = 24 24 24
  stencil order = 5
  estimated absolute RMS force accuracy = 0.00034737707
  estimated relative force accuracy = 1.0461157e-06
  using double precision KISS FFT
  3d grid and FFT values/proc = 6859 1728
Generated 15 of 15 mixed pair_coeff terms from sixthpower/sixthpower mixing rule
Neighbor list info ...
  update: every = 1 steps, delay = 0 steps, check = yes
  max neighbors/atom: 4000, page size: 100000
  master list distance cutoff = 11.5
  ghost atom cutoff = 11.5
  binsize = 5.75, bins = 8 8 8
  1 neighbor lists, perpetual/occasional/extra = 1 0 0
  (1) pair lj/class2/coul/long/gpu, perpetual
      attributes: full, newton on
      pair build: full/bin
      stencil: full/bin/3d
      bin: standard
Per MPI rank memory allocation (min/avg/max) = 16.83 | 17.1 | 17.62 Mbytes
   Step          Time           Temp          Press          TotEng         PotEng         E_bond        E_angle        E_dihed        E_impro         E_vdwl         E_coul         E_long         Volume           Lx             Ly             Lz          Density    
         0   0              0              7365.1571     -1509.1973     -1509.1973      1421.1645      3023.6218     -6471.2889      15.161822      1222.0339      532.47414     -1252.3646      75818.337      42.324459      42.324459      42.324459      0.64999999   
       500   500            0             -475.70707     -7638.512      -7638.512       66.345213      609.56629     -7017.3969      4.9873327     -579.2175       532.19078     -1254.9873      75818.337      42.324459      42.324459      42.324459      0.64999999   
      1000   1000           0             -410.07956     -7746.3573     -7746.3573      62.130369      587.50002     -7023.0968      4.4464943     -649.79277      529.03935     -1256.584       75818.337      42.324459      42.324459      42.324459      0.64999999   
      1500   1500           0             -426.32332     -7785.2351     -7785.2351      59.151547      576.61364     -7025.1212      4.5431473     -672.49598      528.69181     -1256.618       75818.337      42.324459      42.324459      42.324459      0.64999999   
      2000   2000           0             -482.47946     -7826.9755     -7826.9755      60.352258      572.81602     -7032.5853      4.5544823     -703.40219      528.81615     -1257.527       75818.337      42.324459      42.324459      42.324459      0.64999999   
      2500   2500           0             -507.39415     -7857.6332     -7857.6332      61.117122      581.96847     -7042.9071      4.4159965     -729.56099      527.13714     -1259.8038      75818.337      42.324459      42.324459      42.324459      0.64999999   
      3000   3000           0             -536.24102     -7877.6052     -7877.6052      59.581346      579.79148     -7046.7727      4.336908      -744.7477       530.15134     -1259.9458      75818.337      42.324459      42.324459      42.324459      0.64999999   
      3074   3074           0             -571.73039     -7879.0728     -7879.0728      60.169886      583.11989     -7050.4284      4.4151381     -747.13875      530.61871     -1259.8292      75818.337      42.324459      42.324459      42.324459      0.64999999   
Loop time of 32.9673 on 8 procs for 3074 steps with 4020 atoms

96.5% CPU use with 8 MPI tasks x 1 OpenMP threads

Minimization stats:
  Stopping criterion = energy tolerance
  Energy initial, next-to-last, final = 
     -1509.19733343554  -7879.06721731007  -7879.07276241032
  Force two-norm initial, final = 2014.418 4.0453249
  Force max component initial, final = 125.18873 0.67625253
  Final line search alpha, max atom move = 0.019637674 0.013280027
  Iterations, force evaluations = 3074 6148

MPI task timing breakdown:
Section |  min time  |  avg time  |  max time  |%varavg| %total
---------------------------------------------------------------
Pair    | 10.606     | 12.896     | 15.832     |  45.5 | 39.12
Bond    | 1.9628     | 2.8568     | 3.6234     |  36.7 |  8.67
Kspace  | 11.181     | 11.993     | 12.856     |  17.8 | 36.38
Neigh   | 0.29786    | 0.29911    | 0.3014     |   0.3 |  0.91
Comm    | 0.58572    | 0.71776    | 0.81726    |   8.7 |  2.18
Output  | 0.0018682  | 0.0021081  | 0.0023786  |   0.3 |  0.01
Modify  | 0.00030209 | 0.00038222 | 0.00045589 |   0.0 |  0.00
Other   |            | 4.201      |            |       | 12.74

Nlocal:          502.5 ave         656 max         328 min
Histogram: 2 1 0 0 1 0 0 1 1 2
Nghost:        4044.25 ave        4323 max        3764 min
Histogram: 1 1 0 2 1 0 0 1 0 2
Neighs:              0 ave           0 max           0 min
Histogram: 8 0 0 0 0 0 0 0 0 0
FullNghs:       205634 ave      292536 max      114028 min
Histogram: 2 1 0 1 0 0 0 1 1 2

Total # of neighbors = 1645074
Ave neighs/atom = 409.22239
Ave special neighs/atom = 5.7761194
Neighbor list builds = 62
Dangerous builds = 0

undump dump_min
reset_timestep 0

# --- Write Output ---
write_dump all custom minimize_last.dump id type mol x y z xu yu zu vx vy vz modify sort id
write_data /home/alexzhao/PolyJarvis/data/PROPSULFIDE_CURATED/lammps/equil/minimize/minimize_out.data
System init for write_data ...
PPPM initialization ...
  using 12-bit tables for long-range coulomb
  G vector (1/distance) = 0.28087215
  grid = 24 24 24
  stencil order = 5
  estimated absolute RMS force accuracy = 0.00034737707
  estimated relative force accuracy = 1.0461157e-06
  using double precision KISS FFT
  3d grid and FFT values/proc = 6859 1728
Generated 15 of 15 mixed pair_coeff terms from sixthpower/sixthpower mixing rule

print "STAGE COMPLETE: minimization"
STAGE COMPLETE: minimization
quit
