units real
atom_style full
boundary p p p

# --- Force Field Styles ---
pair_style lj/class2/coul/long 9.5 9.5
kspace_style pppm 1e-6
dielectric 1.000000
bond_style class2
angle_style class2
dihedral_style class2
improper_style class2
special_bonds lj/coul 0 0 1
pair_modify mix sixthpower tail yes
neighbor 2.0 bin
neigh_modify delay 0 every 1 check yes
neigh_modify one 4000
# KOKKOS: package loaded via -pk kokkos on the command line

read_data /home/alexzhao/PolyJarvis/data/PS3/lammps/equil/cell.data
Reading data file ...
  orthogonal box = (0 0 0) to (50.734685 50.734685 50.734685)
  1 by 1 by 1 MPI processor grid
  reading atoms ...
  6420 atoms
  scanning bonds ...
  4 = max bonds/atom
  scanning angles ...
  14 = max angles/atom
  scanning dihedrals ...
  34 = max dihedrals/atom
  scanning impropers ...
  11 = max impropers/atom
  orthogonal box = (0 0 0) to (50.734685 50.734685 50.734685)
  1 by 1 by 1 MPI processor grid
  reading bonds ...
  6810 bonds
  reading angles ...
  12000 angles
  reading dihedrals ...
  19110 dihedrals
  reading impropers ...
  5600 impropers
Finding 1-2 1-3 1-4 neighbors ...
  special bond factors lj:    0        0        1       
  special bond factors coul:  0        0        1       
     4 = max # of 1-2 neighbors
     8 = max # of 1-3 neighbors
    12 = max # of special neighbors
  special bonds CPU = 0.007 seconds
  read_data CPU = 0.237 seconds
include /home/alexzhao/PolyJarvis/data/PS3/lammps/equil/emc_build.params
# LAMMPS parameters created by EMC v9.4.4, build Jul 31 2025 20:33:44

# Variables

variable	seed		index	472913
variable	ntotal		index	6420
variable	fshape		index	1
variable	output		index	emc_build
variable	field		index	pcff/pcff
variable	location1	index	~/emc/field/
variable	nav		index	0.6022141179
variable	temperature	index	300
variable	radius		index	5
variable	nrelax		index	100
variable	weight_nonbond	index	0.0001
variable	weight_bond	index	0.0001
variable	weight_focus	index	1
variable	cutoff		index	9.5
variable	charge_cutoff	index	9.5
variable	kappa		index	4
variable	density1	index	0.53
variable	lprevious	index	0
variable	lphase		index	50.7346850343
variable	f_poly		index	10
variable	chem_repeat	index	*CC(c1ccccc1)*
variable	chem_cap	index	*[H]
variable	lg_repeat	index	16
variable	lg_cap		index	1
variable	norm_poly	index	100
variable	l_poly		index	642
variable	mg_repeat	index	92.14181
variable	mg_cap		index	1.00797
variable	m_poly		index	3687.68834
variable	n_poly		index	10
variable	mtotal		index	41681.3434
variable	nphase1		index	6420
variable	mphase1		index	41681.3434
variable	vphase1		index	130591.498627
variable	lbox		index	50.7346850343
variable	lphase1		index	50.7346850343
variable	lxx		index	50.7346850343
variable	lyy		index	50.7346850343
variable	lzz		index	50.7346850343
variable	lzy		index	0
variable	lzx		index	0
variable	lyx		index	0
variable	vtotal		index	130591.498627
variable	nl_poly		index	10

# Types

variable	type_c		index	1
variable	type_c1		index	2
variable	type_cp		index	3
variable	type_hc		index	4

variable	type_bond_c_c	index	1
variable	type_bond_c_c1	index	2
variable	type_bond_c_cp	index	3
variable	type_bond_c_hc	index	4
variable	type_bond_c1_cp	index	5
variable	type_bond_c1_hc	index	6
variable	type_bond_cp_cp	index	7
variable	type_bond_cp_hc	index	8

variable	type_angle_c_c_c1 index	1
variable	type_angle_c_c_cp index	2
variable	type_angle_c_c_hc index	3
variable	type_angle_c_c1_c index	4
variable	type_angle_c_c1_cp index	5
variable	type_angle_c_c1_hc index	6
variable	type_angle_c_cp_cp index	7
variable	type_angle_c1_c_c1 index	8
variable	type_angle_c1_c_hc index	9
variable	type_angle_c1_cp_cp index	10
variable	type_angle_cp_c_hc index	11
variable	type_angle_cp_c1_hc index	12
variable	type_angle_cp_cp_cp index	13
variable	type_angle_cp_cp_hc index	14
variable	type_angle_hc_c_hc index	15

# Clusters

variable	n0_poly		index	1
variable	n1_poly		index	10
variable	nl_poly		index	10

# Flags

variable	flag_charged	index	1

# Masses

mass		1    12.01115  # c
mass		2    12.01115  # c1
mass		3    12.01115  # cp
mass		4     1.00797  # hc

# Potentials

pair_modify	mix sixthpower tail yes
special_bonds	lj/coul 0 0 1

# Pair Coeffs

pair_coeff	 1  1    0.05400    4.01000  # c,c
pair_coeff	 2  2    0.05400    4.01000  # c1,c1
pair_coeff	 3  3    0.06400    4.01000  # cp,cp
pair_coeff	 4  4    0.02000    2.99500  # hc,hc

# Bond Coeffs

bond_coeff	1    1.53000  299.67000 -501.77000  679.81000  # c,c
bond_coeff	2    1.53000  299.67000 -501.77000  679.81000  # c,c1
bond_coeff	3    1.50100  321.90210 -521.82080  572.16280  # c,cp
bond_coeff	4    1.10100  345.00000 -691.89000  844.60000  # c,hc
bond_coeff	5    1.50100  321.90210 -521.82080  572.16280  # c1,cp
bond_coeff	6    1.10100  345.00000 -691.89000  844.60000  # c1,hc
bond_coeff	7    1.41700  470.83610 -627.61790 1327.63450  # cp,cp
bond_coeff	8    1.09820  372.82510 -803.45260  894.31730  # cp,hc

# Angle Coeffs

angle_coeff	 1  112.67000   39.51600   -7.44300   -9.55830  # c,c,c1
angle_coeff	 2  108.40000   43.95940   -8.39240   -9.33790  # c,c,cp
angle_coeff	 3  110.77000   41.45300  -10.60400    5.12900  # c,c,hc
angle_coeff	 4  112.67000   39.51600   -7.44300   -9.55830  # c,c1,c
angle_coeff	 5  108.40000   43.95940   -8.39240   -9.33790  # c,c1,cp
angle_coeff	 6  110.77000   41.45300  -10.60400    5.12900  # c,c1,hc
angle_coeff	 7  120.05000   44.71480  -22.73520    0.00000  # c,cp,cp
angle_coeff	 8  112.67000   39.51600   -7.44300   -9.55830  # c1,c,c1
angle_coeff	 9  110.77000   41.45300  -10.60400    5.12900  # c1,c,hc
angle_coeff	10  120.05000   44.71480  -22.73520    0.00000  # c1,cp,cp
angle_coeff	11  111.00000   44.32340   -9.44540    0.00000  # cp,c,hc
angle_coeff	12  111.00000   44.32340   -9.44540    0.00000  # cp,c1,hc
angle_coeff	13  118.90000   61.02260  -34.99310    0.00000  # cp,cp,cp
angle_coeff	14  117.94000   35.15580  -12.46820    0.00000  # cp,cp,hc
angle_coeff	15  107.66000   39.64100  -12.92100   -2.43180  # hc,c,hc

# BondBond Coeffs

angle_coeff	 1 bb    0.00000    1.53000    1.53000  # c,c,c1
angle_coeff	 2 bb    0.00000    1.53000    1.50100  # c,c,cp
angle_coeff	 3 bb    3.38720    1.53000    1.10100  # c,c,hc
angle_coeff	 4 bb    0.00000    1.53000    1.53000  # c,c1,c
angle_coeff	 5 bb    0.00000    1.53000    1.50100  # c,c1,cp
angle_coeff	 6 bb    3.38720    1.53000    1.10100  # c,c1,hc
angle_coeff	 7 bb   12.06760    1.50100    1.41700  # c,cp,cp
angle_coeff	 8 bb    0.00000    1.53000    1.53000  # c1,c,c1
angle_coeff	 9 bb    3.38720    1.53000    1.10100  # c1,c,hc
angle_coeff	10 bb   12.06760    1.50100    1.41700  # c1,cp,cp
angle_coeff	11 bb    2.91680    1.50100    1.10100  # cp,c,hc
angle_coeff	12 bb    2.91680    1.50100    1.10100  # cp,c1,hc
angle_coeff	13 bb   68.28560    1.41700    1.41700  # cp,cp,cp
angle_coeff	14 bb    1.07950    1.41700    1.09820  # cp,cp,hc
angle_coeff	15 bb    5.33160    1.10100    1.10100  # hc,c,hc

# BondAngle Coeffs

angle_coeff	 1 ba    8.01600    8.01600    1.53000    1.53000  # c,c,c1
angle_coeff	 2 ba    0.00000    0.00000    1.53000    1.50100  # c,c,cp
angle_coeff	 3 ba   20.75400   11.42100    1.53000    1.10100  # c,c,hc
angle_coeff	 4 ba    8.01600    8.01600    1.53000    1.53000  # c,c1,c
angle_coeff	 5 ba    0.00000    0.00000    1.53000    1.50100  # c,c1,cp
angle_coeff	 6 ba   20.75400   11.42100    1.53000    1.10100  # c,c1,hc
angle_coeff	 7 ba   47.05790   31.07710    1.50100    1.41700  # c,cp,cp
angle_coeff	 8 ba    8.01600    8.01600    1.53000    1.53000  # c1,c,c1
angle_coeff	 9 ba   20.75400   11.42100    1.53000    1.10100  # c1,c,hc
angle_coeff	10 ba   47.05790   31.07710    1.50100    1.41700  # c1,cp,cp
angle_coeff	11 ba   26.46080   11.77170    1.50100    1.10100  # cp,c,hc
angle_coeff	12 ba   26.46080   11.77170    1.50100    1.10100  # cp,c1,hc
angle_coeff	13 ba   28.87080   28.87080    1.41700    1.41700  # cp,cp,cp
angle_coeff	14 ba   20.00330   24.21830    1.41700    1.09820  # cp,cp,hc
angle_coeff	15 ba   18.10300   18.10300    1.10100    1.10100  # hc,c,hc

# Dihedral Coeffs

dihedral_coeff	 1    0.00000    0.00000    0.05140    0.00000   -0.14300    0.00000  # c,c,c1,c
dihedral_coeff	 2    0.00000    0.00000    0.00000    0.00000    0.15800  180.00000  # c,c,c1,cp
dihedral_coeff	 3    0.00000    0.00000    0.03160    0.00000   -0.16810    0.00000  # c,c,c1,hc
dihedral_coeff	 4   -0.28020    0.00000   -0.06780    0.00000   -0.01220    0.00000  # c,c,cp,cp
dihedral_coeff	 5    0.00000    0.00000    0.05140    0.00000   -0.14300    0.00000  # c,c1,c,c1
dihedral_coeff	 6    0.00000    0.00000    0.03160    0.00000   -0.16810    0.00000  # c,c1,c,hc
dihedral_coeff	 7   -0.28020    0.00000   -0.06780    0.00000   -0.01220    0.00000  # c,c1,cp,cp
dihedral_coeff	 8    0.00000    0.00000    4.40720    0.00000    0.00000    0.00000  # c,cp,cp,cp
dihedral_coeff	 9    0.00000    0.00000    1.55900    0.00000    0.00000    0.00000  # c,cp,cp,hc
dihedral_coeff	10    0.00000    0.00000    0.00000    0.00000    0.15800  180.00000  # c1,c,c,cp
dihedral_coeff	11    0.00000    0.00000    0.03160    0.00000   -0.16810    0.00000  # c1,c,c,hc
dihedral_coeff	12    0.00000    0.00000    0.00000    0.00000    0.15800  180.00000  # c1,c,c1,cp
dihedral_coeff	13    0.00000    0.00000    0.03160    0.00000   -0.16810    0.00000  # c1,c,c1,hc
dihedral_coeff	14    0.00000    0.00000    4.40720    0.00000    0.00000    0.00000  # c1,cp,cp,cp
dihedral_coeff	15    0.00000    0.00000    1.55900    0.00000    0.00000    0.00000  # c1,cp,cp,hc
dihedral_coeff	16   -0.02280    0.00000    0.02800    0.00000   -0.18630    0.00000  # cp,c,c,hc
dihedral_coeff	17   -0.02280    0.00000    0.02800    0.00000   -0.18630    0.00000  # cp,c1,c,hc
dihedral_coeff	18   -0.28010    0.00000   -0.06780    0.00000   -0.01220    0.00000  # cp,cp,c,hc
dihedral_coeff	19   -0.28010    0.00000   -0.06780    0.00000   -0.01220    0.00000  # cp,cp,c1,hc
dihedral_coeff	20    8.36670    0.00000    1.19320    0.00000    0.00000    0.00000  # cp,cp,cp,cp
dihedral_coeff	21    0.00000    0.00000    3.96610    0.00000    0.00000    0.00000  # cp,cp,cp,hc
dihedral_coeff	22   -0.14320    0.00000    0.06170    0.00000   -0.10830    0.00000  # hc,c,c,hc
dihedral_coeff	23   -0.14320    0.00000    0.06170    0.00000   -0.10830    0.00000  # hc,c,c1,hc
dihedral_coeff	24    0.00000    0.00000    1.87690    0.00000    0.00000    0.00000  # hc,cp,cp,hc

# MiddleBondTorsion Coeffs

dihedral_coeff	 1 mbt  -17.78700   -7.18770    0.00000    1.53000  # c,c,c1,c
dihedral_coeff	 2 mbt    0.00000    0.00000    0.00000    1.53000  # c,c,c1,cp
dihedral_coeff	 3 mbt  -14.87900   -3.65810   -0.31380    1.53000  # c,c,c1,hc
dihedral_coeff	 4 mbt    0.00000    0.00000    0.00000    1.50100  # c,c,cp,cp
dihedral_coeff	 5 mbt  -17.78700   -7.18770    0.00000    1.53000  # c,c1,c,c1
dihedral_coeff	 6 mbt  -14.87900   -3.65810   -0.31380    1.53000  # c,c1,c,hc
dihedral_coeff	 7 mbt    0.00000    0.00000    0.00000    1.50100  # c,c1,cp,cp
dihedral_coeff	 8 mbt    0.00000    9.17920    0.00000    1.41700  # c,cp,cp,cp
dihedral_coeff	 9 mbt    0.00000    3.94210    0.00000    1.41700  # c,cp,cp,hc
dihedral_coeff	10 mbt    0.00000    0.00000    0.00000    1.53000  # c1,c,c,cp
dihedral_coeff	11 mbt  -14.87900   -3.65810   -0.31380    1.53000  # c1,c,c,hc
dihedral_coeff	12 mbt    0.00000    0.00000    0.00000    1.53000  # c1,c,c1,cp
dihedral_coeff	13 mbt  -14.87900   -3.65810   -0.31380    1.53000  # c1,c,c1,hc
dihedral_coeff	14 mbt    0.00000    9.17920    0.00000    1.41700  # c1,cp,cp,cp
dihedral_coeff	15 mbt    0.00000    3.94210    0.00000    1.41700  # c1,cp,cp,hc
dihedral_coeff	16 mbt    0.00000    0.00000    0.00000    1.53000  # cp,c,c,hc
dihedral_coeff	17 mbt    0.00000    0.00000    0.00000    1.53000  # cp,c1,c,hc
dihedral_coeff	18 mbt   -5.56790    1.40830    0.30100    1.50100  # cp,cp,c,hc
dihedral_coeff	19 mbt   -5.56790    1.40830    0.30100    1.50100  # cp,cp,c1,hc
dihedral_coeff	20 mbt   27.59890   -2.31200    0.00000    1.41700  # cp,cp,cp,cp
dihedral_coeff	21 mbt    0.00000   -1.15210    0.00000    1.41700  # cp,cp,cp,hc
dihedral_coeff	22 mbt  -14.26100   -0.53220   -0.48640    1.53000  # hc,c,c,hc
dihedral_coeff	23 mbt  -14.26100   -0.53220   -0.48640    1.53000  # hc,c,c1,hc
dihedral_coeff	24 mbt    0.00000    4.82280    0.00000    1.41700  # hc,cp,cp,hc

# EndBondTorsion Coeffs

dihedral_coeff	 1 ebt   -0.07320    0.00000    0.00000   -0.07320    0.00000    0.00000    1.53000    1.53000  # c,c,c1,c
dihedral_coeff	 2 ebt    0.00000    0.00000    0.00000    0.00000    0.00000    0.00000    1.53000    1.50100  # c,c,c1,cp
dihedral_coeff	 3 ebt    0.24860    0.24220   -0.09250    0.08140    0.05910    0.22190    1.53000    1.10100  # c,c,c1,hc
dihedral_coeff	 4 ebt    0.00000    0.00000    0.00000    0.00000    0.00000    0.00000    1.53000    1.41700  # c,c,cp,cp
dihedral_coeff	 5 ebt   -0.07320    0.00000    0.00000   -0.07320    0.00000    0.00000    1.53000    1.53000  # c,c1,c,c1
dihedral_coeff	 6 ebt    0.24860    0.24220   -0.09250    0.08140    0.05910    0.22190    1.53000    1.10100  # c,c1,c,hc
dihedral_coeff	 7 ebt    0.00000    0.00000    0.00000    0.00000    0.00000    0.00000    1.53000    1.41700  # c,c1,cp,cp
dihedral_coeff	 8 ebt    0.00000    0.24210    0.00000    0.00000   -0.69180    0.00000    1.50100    1.41700  # c,cp,cp,cp
dihedral_coeff	 9 ebt    0.00000   -1.79700    0.00000    0.00000   -0.48790    0.00000    1.50100    1.09820  # c,cp,cp,hc
dihedral_coeff	10 ebt    0.00000    0.00000    0.00000    0.00000    0.00000    0.00000    1.53000    1.50100  # c1,c,c,cp
dihedral_coeff	11 ebt    0.24860    0.24220   -0.09250    0.08140    0.05910    0.22190    1.53000    1.10100  # c1,c,c,hc
dihedral_coeff	12 ebt    0.00000    0.00000    0.00000    0.00000    0.00000    0.00000    1.53000    1.50100  # c1,c,c1,cp
dihedral_coeff	13 ebt    0.24860    0.24220   -0.09250    0.08140    0.05910    0.22190    1.53000    1.10100  # c1,c,c1,hc
dihedral_coeff	14 ebt    0.00000    0.24210    0.00000    0.00000   -0.69180    0.00000    1.50100    1.41700  # c1,cp,cp,cp
dihedral_coeff	15 ebt    0.00000   -1.79700    0.00000    0.00000   -0.48790    0.00000    1.50100    1.09820  # c1,cp,cp,hc
dihedral_coeff	16 ebt    0.00000    0.00000    0.00000    0.00000    0.00000    0.00000    1.50100    1.10100  # cp,c,c,hc
dihedral_coeff	17 ebt    0.00000    0.00000    0.00000    0.00000    0.00000    0.00000    1.50100    1.10100  # cp,c1,c,hc
dihedral_coeff	18 ebt   -0.58350    1.12200    0.39780    1.39970    0.77560    0.00000    1.41700    1.10100  # cp,cp,c,hc
dihedral_coeff	19 ebt   -0.58350    1.12200    0.39780    1.39970    0.77560    0.00000    1.41700    1.10100  # cp,cp,c1,hc
dihedral_coeff	20 ebt   -0.11850    6.32040    0.00000   -0.11850    6.32040    0.00000    1.41700    1.41700  # cp,cp,cp,cp
dihedral_coeff	21 ebt    0.00000   -6.89580    0.00000    0.00000   -0.46690    0.00000    1.41700    1.09820  # cp,cp,cp,hc
dihedral_coeff	22 ebt    0.21300    0.31200    0.07770    0.21300    0.31200    0.07770    1.10100    1.10100  # hc,c,c,hc
dihedral_coeff	23 ebt    0.21300    0.31200    0.07770    0.21300    0.31200    0.07770    1.10100    1.10100  # hc,c,c1,hc
dihedral_coeff	24 ebt    0.00000   -0.68900    0.00000    0.00000   -0.68900    0.00000    1.09820    1.09820  # hc,cp,cp,hc

# AngleTorsion Coeffs

dihedral_coeff	 1 at    0.38860   -0.31390    0.13890    0.38860   -0.31390    0.13890  112.67000  112.67000  # c,c,c1,c
dihedral_coeff	 2 at    0.00000    0.00000    0.00000    0.00000    0.00000    0.00000  112.67000  108.40000  # c,c,c1,cp
dihedral_coeff	 3 at   -0.24540    0.00000   -0.11360    0.31130    0.45160   -0.19880  112.67000  110.77000  # c,c,c1,hc
dihedral_coeff	 4 at    0.00000    0.00000    0.00000    0.00000    0.00000    0.00000  108.40000  120.05000  # c,c,cp,cp
dihedral_coeff	 5 at    0.38860   -0.31390    0.13890    0.38860   -0.31390    0.13890  112.67000  112.67000  # c,c1,c,c1
dihedral_coeff	 6 at   -0.24540    0.00000   -0.11360    0.31130    0.45160   -0.19880  112.67000  110.77000  # c,c1,c,hc
dihedral_coeff	 7 at    0.00000    0.00000    0.00000    0.00000    0.00000    0.00000  108.40000  120.05000  # c,c1,cp,cp
dihedral_coeff	 8 at    0.00000   -4.46830    0.00000    0.00000    3.89870    0.00000  120.05000  118.90000  # c,cp,cp,cp
dihedral_coeff	 9 at    0.00000   -0.12420    0.00000    0.00000    3.46010    0.00000  120.05000  117.94000  # c,cp,cp,hc
dihedral_coeff	10 at    0.00000    0.00000    0.00000    0.00000    0.00000    0.00000  112.67000  108.40000  # c1,c,c,cp
dihedral_coeff	11 at   -0.24540    0.00000   -0.11360    0.31130    0.45160   -0.19880  112.67000  110.77000  # c1,c,c,hc
dihedral_coeff	12 at    0.00000    0.00000    0.00000    0.00000    0.00000    0.00000  112.67000  108.40000  # c1,c,c1,cp
dihedral_coeff	13 at   -0.24540    0.00000   -0.11360    0.31130    0.45160   -0.19880  112.67000  110.77000  # c1,c,c1,hc
dihedral_coeff	14 at    0.00000   -4.46830    0.00000    0.00000    3.89870    0.00000  120.05000  118.90000  # c1,cp,cp,cp
dihedral_coeff	15 at    0.00000   -0.12420    0.00000    0.00000    3.46010    0.00000  120.05000  117.94000  # c1,cp,cp,hc
dihedral_coeff	16 at    0.00000    0.00000    0.00000    0.00000    0.00000    0.00000  108.40000  110.77000  # cp,c,c,hc
dihedral_coeff	17 at    0.00000    0.00000    0.00000    0.00000    0.00000    0.00000  108.40000  110.77000  # cp,c1,c,hc
dihedral_coeff	18 at    0.22510    0.65480    0.12370    4.62660    0.16320    0.04610  120.05000  111.00000  # cp,cp,c,hc
dihedral_coeff	19 at    0.22510    0.65480    0.12370    4.62660    0.16320    0.04610  120.05000  111.00000  # cp,cp,c1,hc
dihedral_coeff	20 at    1.97670    1.02390    0.00000    1.97670    1.02390    0.00000  118.90000  118.90000  # cp,cp,cp,cp
dihedral_coeff	21 at    0.00000    2.50140    0.00000    0.00000    2.71470    0.00000  118.90000  117.94000  # cp,cp,cp,hc
dihedral_coeff	22 at   -0.80850    0.55690   -0.24660   -0.80850    0.55690   -0.24660  110.77000  110.77000  # hc,c,c,hc
dihedral_coeff	23 at   -0.80850    0.55690   -0.24660   -0.80850    0.55690   -0.24660  110.77000  110.77000  # hc,c,c1,hc
dihedral_coeff	24 at    0.00000    2.45010    0.00000    0.00000    2.45010    0.00000  117.94000  117.94000  # hc,cp,cp,hc

# AngleAngleTorsion Coeffs

dihedral_coeff	 1 aat  -22.04500  112.67000  112.67000  # c,c,c1,c
dihedral_coeff	 2 aat    0.00000  112.67000  108.40000  # c,c,c1,cp
dihedral_coeff	 3 aat  -16.16400  112.67000  110.77000  # c,c,c1,hc
dihedral_coeff	 4 aat    0.00000  108.40000  120.05000  # c,c,cp,cp
dihedral_coeff	 5 aat  -22.04500  112.67000  112.67000  # c,c1,c,c1
dihedral_coeff	 6 aat  -16.16400  112.67000  110.77000  # c,c1,c,hc
dihedral_coeff	 7 aat    0.00000  108.40000  120.05000  # c,c1,cp,cp
dihedral_coeff	 8 aat  -14.40970  120.05000  118.90000  # c,cp,cp,cp
dihedral_coeff	 9 aat    4.44440  120.05000  117.94000  # c,cp,cp,hc
dihedral_coeff	10 aat    0.00000  112.67000  108.40000  # c1,c,c,cp
dihedral_coeff	11 aat  -16.16400  112.67000  110.77000  # c1,c,c,hc
dihedral_coeff	12 aat    0.00000  112.67000  108.40000  # c1,c,c1,cp
dihedral_coeff	13 aat  -16.16400  112.67000  110.77000  # c1,c,c1,hc
dihedral_coeff	14 aat  -14.40970  120.05000  118.90000  # c1,cp,cp,cp
dihedral_coeff	15 aat    4.44440  120.05000  117.94000  # c1,cp,cp,hc
dihedral_coeff	16 aat    0.00000  108.40000  110.77000  # cp,c,c,hc
dihedral_coeff	17 aat    0.00000  108.40000  110.77000  # cp,c1,c,hc
dihedral_coeff	18 aat   -5.88880  120.05000  111.00000  # cp,cp,c,hc
dihedral_coeff	19 aat   -5.88880  120.05000  111.00000  # cp,cp,c1,hc
dihedral_coeff	20 aat    0.00000  118.90000  118.90000  # cp,cp,cp,cp
dihedral_coeff	21 aat   -4.81410  118.90000  117.94000  # cp,cp,cp,hc
dihedral_coeff	22 aat  -12.56400  110.77000  110.77000  # hc,c,c,hc
dihedral_coeff	23 aat  -12.56400  110.77000  110.77000  # hc,c,c1,hc
dihedral_coeff	24 aat    0.35980  117.94000  117.94000  # hc,cp,cp,hc

# BondBond13 Coeffs

dihedral_coeff	 1 bb13    0.00000    1.53000    1.53000  # c,c,c1,c
dihedral_coeff	 2 bb13    0.00000    1.53000    1.50100  # c,c,c1,cp
dihedral_coeff	 3 bb13    0.00000    1.53000    1.10100  # c,c,c1,hc
dihedral_coeff	 4 bb13    0.00000    1.53000    1.41700  # c,c,cp,cp
dihedral_coeff	 5 bb13    0.00000    1.53000    1.53000  # c,c1,c,c1
dihedral_coeff	 6 bb13    0.00000    1.53000    1.10100  # c,c1,c,hc
dihedral_coeff	 7 bb13    0.00000    1.53000    1.41700  # c,c1,cp,cp
dihedral_coeff	 8 bb13    2.50850    1.50100    1.41700  # c,cp,cp,cp
dihedral_coeff	 9 bb13    0.87430    1.50100    1.09820  # c,cp,cp,hc
dihedral_coeff	10 bb13    0.00000    1.53000    1.50100  # c1,c,c,cp
dihedral_coeff	11 bb13    0.00000    1.53000    1.10100  # c1,c,c,hc
dihedral_coeff	12 bb13    0.00000    1.53000    1.50100  # c1,c,c1,cp
dihedral_coeff	13 bb13    0.00000    1.53000    1.10100  # c1,c,c1,hc
dihedral_coeff	14 bb13    2.50850    1.50100    1.41700  # c1,cp,cp,cp
dihedral_coeff	15 bb13    0.87430    1.50100    1.09820  # c1,cp,cp,hc
dihedral_coeff	16 bb13    0.00000    1.50100    1.10100  # cp,c,c,hc
dihedral_coeff	17 bb13    0.00000    1.50100    1.10100  # cp,c1,c,hc
dihedral_coeff	18 bb13   -3.48260    1.41700    1.10100  # cp,cp,c,hc
dihedral_coeff	19 bb13   -3.48260    1.41700    1.10100  # cp,cp,c1,hc
dihedral_coeff	20 bb13   53.00000    1.41700    1.41700  # cp,cp,cp,cp
dihedral_coeff	21 bb13   -6.27410    1.41700    1.09820  # cp,cp,cp,hc
dihedral_coeff	22 bb13    0.00000    1.10100    1.10100  # hc,c,c,hc
dihedral_coeff	23 bb13    0.00000    1.10100    1.10100  # hc,c,c1,hc
dihedral_coeff	24 bb13   -1.70770    1.09820    1.09820  # hc,cp,cp,hc

# Improper Coeffs

improper_coeff	 1    0.00000    0.00000  # c,c,cp,hc
improper_coeff	 2    0.00000    0.00000  # c,c,hc,c1
improper_coeff	 3    0.00000    0.00000  # c,c,hc,cp
improper_coeff	 4    0.00000    0.00000  # c,c,hc,hc
improper_coeff	 5    0.00000    0.00000  # c,c1,c1,hc
improper_coeff	 6    0.00000    0.00000  # c,c1,hc,hc
improper_coeff	 7    0.00000    0.00000  # c,cp,hc,hc
improper_coeff	 8    0.00000    0.00000  # c,hc,hc,hc
improper_coeff	 9    0.00000    0.00000  # c1,c,c,cp
improper_coeff	10    0.00000    0.00000  # c1,c,c,hc
improper_coeff	11    0.00000    0.00000  # c1,c,cp,hc
improper_coeff	12    7.81530    0.00000  # cp,c,cp,cp
improper_coeff	13    7.81530    0.00000  # cp,c1,cp,cp
improper_coeff	14    4.89120    0.00000  # cp,cp,cp,hc

# AngleAngle Coeffs

improper_coeff	 1 aa    2.04030   -1.82020    1.08270  108.40000  110.77000  111.00000  # c,c,cp,hc
improper_coeff	 2 aa    0.11840   -1.31990   -1.31990  110.77000  112.67000  110.77000  # c,c,hc,c1
improper_coeff	 3 aa    1.08270   -1.82020    2.04030  110.77000  108.40000  111.00000  # c,c,hc,cp
improper_coeff	 4 aa    0.27380   -0.48250    0.27380  110.77000  110.77000  107.66000  # c,c,hc,hc
improper_coeff	 5 aa   -1.31990   -1.31990    0.11840  112.67000  110.77000  110.77000  # c,c1,c1,hc
improper_coeff	 6 aa    0.27380   -0.48250    0.27380  110.77000  110.77000  107.66000  # c,c1,hc,hc
improper_coeff	 7 aa    2.37940    3.01180    2.37940  111.00000  111.00000  107.66000  # c,cp,hc,hc
improper_coeff	 8 aa   -0.31570   -0.31570   -0.31570  107.66000  107.66000  107.66000  # c,hc,hc,hc
improper_coeff	 9 aa    0.00000    0.00000    0.00000  112.67000  108.40000  108.40000  # c1,c,c,cp
improper_coeff	10 aa   -1.31990   -1.31990    0.11840  112.67000  110.77000  110.77000  # c1,c,c,hc
improper_coeff	11 aa    2.04030   -1.82020    1.08270  108.40000  110.77000  111.00000  # c1,c,cp,hc
improper_coeff	12 aa    0.00000    0.00000    0.00000  120.05000  120.05000  118.90000  # cp,c,cp,cp
improper_coeff	13 aa    0.00000    0.00000    0.00000  120.05000  120.05000  118.90000  # cp,c1,cp,cp
improper_coeff	14 aa    0.00000    0.00000    0.00000  118.90000  117.94000  117.94000  # cp,cp,cp,hc


# --- Thermo Output ---
thermo_style custom step time temp press etotal pe ebond eangle edihed eimp evdwl ecoul elong vol lx ly lz density
thermo_modify flush yes
thermo 500

# --- Trajectory ---
dump dump_min all custom 1000 minimize.dump id type mol x y z ix iy iz

# --- Minimization ---
min_style cg
minimize 1e-06 1e-06 50000 100000
PPPM Kokkos initialization ...
  using 12-bit tables for long-range coulomb
  G vector (1/distance) = 0.29040648
  grid = 32 32 32
  stencil order = 5
  estimated absolute RMS force accuracy = 0.00037971678
  estimated relative force accuracy = 1.1435058e-06
  using double precision cuFFT
  3d grid and FFT values/proc = 59319 32768
Generated 6 of 6 mixed pair_coeff terms from sixthpower/sixthpower mixing rule
Neighbor list info ...
  update: every = 1 steps, delay = 0 steps, check = yes
  max neighbors/atom: 4000, page size: 100000
  master list distance cutoff = 11.5
  ghost atom cutoff = 11.5
  binsize = 11.5, bins = 5 5 5
  1 neighbor lists, perpetual/occasional/extra = 1 0 0
  (1) pair lj/class2/coul/long/kk, perpetual
      attributes: full, newton off, kokkos_device
      pair build: full/bin/kk/device
      stencil: full/bin/3d
      bin: kk/device
WARNING: Fix MINIMIZE/kk not compatible with sending data in Kokkos communication (src/KOKKOS/comm_kokkos.cpp:767)
WARNING: Fix with atom-based arrays not compatible with sending data in Kokkos communication, switching to classic exchange/border communication (src/KOKKOS/comm_kokkos.cpp:780)
WARNING: Fix MINIMIZE/kk not compatible with Kokkos sorting on device (src/KOKKOS/atom_kokkos.cpp:212)
WARNING: Fix with atom-based arrays not compatible with Kokkos sorting on device, switching to classic host sorting (src/KOKKOS/atom_kokkos.cpp:218)
Per MPI rank memory allocation (min/avg/max) = 38.88 | 38.88 | 38.88 Mbytes
   Step          Time           Temp          Press          TotEng         PotEng         E_bond        E_angle        E_dihed        E_impro         E_vdwl         E_coul         E_long         Volume           Lx             Ly             Lz          Density    
         0   0              0              12949.517      14777.039      14777.039      3810.6548      5677.3734     -1114.6591      333.0892       5928.246       3783.4045     -3641.0697      130591.5       50.734685      50.734685      50.734685      0.52999999   
       500   500            0             -96.180229      371.34171      371.34171      851.09843      1482.3468     -2960.0819      33.128099      948.83465      3709.9669     -3693.9512      130591.5       50.734685      50.734685      50.734685      0.52999999   
      1000   1000           0             -439.96343     -42.0549       -42.0549        827.96055      1339.8697     -3010.1464      28.866349      760.94149      3712.6902     -3702.2368      130591.5       50.734685      50.734685      50.734685      0.52999999   
      1500   1500           0             -400.65758     -154.75819     -154.75819      821.42275      1310.6615     -3025.2629      27.865449      712.66612      3703.3112     -3705.4224      130591.5       50.734685      50.734685      50.734685      0.52999999   
      2000   2000           0             -480.80127     -211.53011     -211.53011      819.62501      1298.8457     -3034.4265      27.554695      680.50068      3704.5514     -3708.181       130591.5       50.734685      50.734685      50.734685      0.52999999   
      2500   2500           0             -453.29644     -252.50498     -252.50498      817.42348      1269.2256     -3022.7713      26.511754      663.94881      3702.9603     -3709.8036      130591.5       50.734685      50.734685      50.734685      0.52999999   
      3000   3000           0             -491.17142     -304.93919     -304.93919      815.74224      1256.1647     -3037.9809      26.267967      646.9673       3697.8179     -3709.9184      130591.5       50.734685      50.734685      50.734685      0.52999999   
      3500   3500           0             -462.82995     -343.42427     -343.42427      813.56646      1249.2194     -3039.8434      25.872523      620.01837      3697.4412     -3709.6988      130591.5       50.734685      50.734685      50.734685      0.52999999   
      4000   4000           0             -453.39846     -368.67574     -368.67574      816.25472      1251.9983     -3038.4895      26.367944      595.49941      3694.0611     -3714.3677      130591.5       50.734685      50.734685      50.734685      0.52999999   
      4500   4500           0             -424.28558     -391.37742     -391.37742      817.19594      1251.1163     -3046.9205      26.127518      580.69138      3697.0368     -3716.6249      130591.5       50.734685      50.734685      50.734685      0.52999999   
      5000   5000           0             -379.71477     -412.00635     -412.00635      814.23989      1251.7824     -3050.4501      26.289149      565.75578      3695.5579     -3715.1813      130591.5       50.734685      50.734685      50.734685      0.52999999   
      5500   5500           0             -416.91077     -427.27893     -427.27893      815.11789      1254.3837     -3052.3072      26.40184       549.76607      3694.3541     -3714.9953      130591.5       50.734685      50.734685      50.734685      0.52999999   
      5906   5906           0             -434.88721     -438.91142     -438.91142      816.1566       1255.4412     -3054.7782      26.294248      541.47324      3693.9369     -3717.4353      130591.5       50.734685      50.734685      50.734685      0.52999999   
Loop time of 19.1751 on 1 procs for 5906 steps with 6420 atoms

99.9% CPU use with 1 MPI tasks x 1 OpenMP threads

Minimization stats:
  Stopping criterion = linesearch alpha is zero
  Energy initial, next-to-last, final = 
      14777.0391245779  -438.911416171916  -438.911416171916
  Force two-norm initial, final = 2979.1929 5.7767029
  Force max component initial, final = 252.38674 0.96120534
  Final line search alpha, max atom move = 3.3832258e-10 3.2519746e-10
  Iterations, force evaluations = 5906 11849

MPI task timing breakdown:
Section |  min time  |  avg time  |  max time  |%varavg| %total
---------------------------------------------------------------
Pair    | 2.5333     | 2.5333     | 2.5333     |   0.0 | 13.21
Bond    | 3.1206     | 3.1206     | 3.1206     |   0.0 | 16.27
Kspace  | 11.137     | 11.137     | 11.137     |   0.0 | 58.08
Neigh   | 0.67993    | 0.67993    | 0.67993    |   0.0 |  3.55
Comm    | 0.13647    | 0.13647    | 0.13647    |   0.0 |  0.71
Output  | 0.026736   | 0.026736   | 0.026736   |   0.0 |  0.14
Modify  | 0          | 0          | 0          |   0.0 |  0.00
Other   |            | 1.541      |            |       |  8.03

Nlocal:           6420 ave        6420 max        6420 min
Histogram: 1 0 0 0 0 0 0 0 0 0
Nghost:          12897 ave       12897 max       12897 min
Histogram: 1 0 0 0 0 0 0 0 0 0
Neighs:              0 ave           0 max           0 min
Histogram: 1 0 0 0 0 0 0 0 0 0
FullNghs:  2.59283e+06 ave 2.59283e+06 max 2.59283e+06 min
Histogram: 1 0 0 0 0 0 0 0 0 0

Total # of neighbors = 2592830
Ave neighs/atom = 403.8676
Ave special neighs/atom = 5.8598131
Neighbor list builds = 118
Dangerous builds = 0

undump dump_min
reset_timestep 0

# --- Write Output ---
write_dump all custom minimize_last.dump id type mol x y z xu yu zu vx vy vz modify sort id
write_data /home/alexzhao/PolyJarvis/data/PS3/lammps/equil/minimize/minimize_out.data
System init for write_data ...
PPPM Kokkos initialization ...
  using 12-bit tables for long-range coulomb
  G vector (1/distance) = 0.29040648
  grid = 32 32 32
  stencil order = 5
  estimated absolute RMS force accuracy = 0.00037971678
  estimated relative force accuracy = 1.1435058e-06
  using double precision cuFFT
  3d grid and FFT values/proc = 59319 32768
Generated 6 of 6 mixed pair_coeff terms from sixthpower/sixthpower mixing rule

print "STAGE COMPLETE: minimization"
STAGE COMPLETE: minimization
quit
   | 3.1206     | 3.1206     |   0.0 | 16.27
Kspace  | 11.137     | 11.137     | 11.137     |   0.0 | 58.08
Neigh   | 0.67993    | 0.67993    | 0.67993    |   0.0 |  3.55
Comm    | 0.13647    | 0.13647    | 0.13647    |   0.0 |  0.71
Output  | 0.026736   | 0.026736   | 0.026736   |   0.0 |  0.14
Modify  | 0          | 0          | 0          |   0.0 |  0.00
Other   |            | 1.541      |            |       |  8.03

Nlocal:           6420 ave        6420 max        6420 min
Histogram: 1 0 0 0 0 0 0 0 0 0
Nghost:          12897 ave       12897 max       12897 min
Histogram: 1 0 0 0 0 0 0 0 0 0
Neighs:              0 ave           0 max           0 min
Histogram: 1 0 0 0 0 0 0 0 0 0
FullNghs:  2.59283e+06 ave 2.59283e+06 max 2.59283e+06 min
Histogram: 1 0 0 0 0 0 0 0 0 0

Total # of neighbors = 2592830
Ave neighs/atom = 403.8676
Ave special neighs/atom = 5.8598131
Neighbor list builds = 118
Dangerous builds = 0
System init for write_data ...
PPPM Kokkos initialization ...
  using 12-bit tables for long-range coulomb
  G vector (1/distance) = 0.29040648
  grid = 32 32 32
  stencil order = 5
  estimated absolute RMS force accuracy = 0.00037971678
  estimated relative force accuracy = 1.1435058e-06
  using double precision cuFFT
  3d grid and FFT values/proc = 59319 32768
Generated 6 of 6 mixed pair_coeff terms from sixthpower/sixthpower mixing rule
STAGE COMPLETE: minimization
