units real
atom_style full
boundary p p p

# --- Force Field Styles ---
pair_style lj/class2/coul/long 9.5 9.5
kspace_style pppm 1e-6
dielectric 1.000000
bond_style class2
angle_style class2
dihedral_style class2
improper_style class2
special_bonds lj/coul 0 0 1
pair_modify mix sixthpower tail yes
neighbor 2.0 bin
neigh_modify delay 0 every 1 check yes
neigh_modify one 4000
package gpu 1 neigh no

read_data /home/arz2/PolyJarvis/data/PMMA1/lammps/cell.data
Reading data file ...
  orthogonal box = (0 0 0) to (48.042983 48.042983 48.042983)
  1 by 1 by 1 MPI processor grid
  reading atoms ...
  6020 atoms
  scanning bonds ...
  4 = max bonds/atom
  scanning angles ...
  6 = max angles/atom
  scanning dihedrals ...
  32 = max dihedrals/atom
  scanning impropers ...
  4 = max impropers/atom
  orthogonal box = (0 0 0) to (48.042983 48.042983 48.042983)
  1 by 1 by 1 MPI processor grid
  reading bonds ...
  6010 bonds
  reading angles ...
  11200 angles
  reading dihedrals ...
  15110 dihedrals
  reading impropers ...
  6800 impropers
Finding 1-2 1-3 1-4 neighbors ...
  special bond factors lj:    0        0        1       
  special bond factors coul:  0        0        1       
     4 = max # of 1-2 neighbors
    11 = max # of 1-3 neighbors
    15 = max # of special neighbors
  special bonds CPU = 0.002 seconds
  read_data CPU = 0.243 seconds
include /home/arz2/PolyJarvis/data/PMMA1/lammps/emc_build.params
# LAMMPS parameters created by EMC v9.4.4, build Jul 31 2025 20:33:44

# Variables

variable	seed		index	-1
variable	ntotal		index	6020
variable	fshape		index	1
variable	output		index	emc_build
variable	field		index	pcff/pcff
variable	location1	index	/home/arz2/emc/field/
variable	nav		index	0.6022141179
variable	temperature	index	300
variable	radius		index	5
variable	nrelax		index	100
variable	weight_nonbond	index	0.0001
variable	weight_bond	index	0.0001
variable	weight_focus	index	1
variable	cutoff		index	9.5
variable	charge_cutoff	index	9.5
variable	kappa		index	4
variable	density1	index	0.6
variable	lprevious	index	0
variable	lphase		index	48.0429825444
variable	f_poly		index	1
variable	chem_repeat	index	*CC(C)(C(=O)OC)*
variable	chem_cap	index	*[H]
variable	lg_repeat	index	15
variable	lg_cap		index	1
variable	norm_poly	index	100
variable	l_poly		index	602
variable	mg_repeat	index	88.10716
variable	mg_cap		index	1.00797
variable	m_poly		index	3526.30234
variable	norm		index	602
variable	n_poly		index	10
variable	mtotal		index	40067.4834
variable	nphase1		index	6020
variable	mphase1		index	40067.4834
variable	vphase1		index	110889.361466
variable	lbox		index	48.0429825444
variable	lphase1		index	48.0429825444
variable	lxx		index	48.0429825444
variable	lyy		index	48.0429825444
variable	lzz		index	48.0429825444
variable	lzy		index	0
variable	lzx		index	0
variable	lyx		index	0
variable	vtotal		index	110889.361466
variable	nl_poly		index	10

# Types

variable	type_c		index	1
variable	type_c1		index	2
variable	type_c_1	index	3
variable	type_hc		index	4
variable	type_o_1	index	5
variable	type_o_2	index	6

variable	type_bond_c_c	index	1
variable	type_bond_c_c1	index	2
variable	type_bond_c_c_1	index	3
variable	type_bond_c_hc	index	4
variable	type_bond_c_o_2	index	5
variable	type_bond_c1_c_1 index	6
variable	type_bond_c1_hc	index	7
variable	type_bond_c_1_o_1 index	8
variable	type_bond_c_1_o_2 index	9

variable	type_angle_c_c_c index	1
variable	type_angle_c_c_c1 index	2
variable	type_angle_c_c_c_1 index	3
variable	type_angle_c_c_hc index	4
variable	type_angle_c_c1_c index	5
variable	type_angle_c_c1_c_1 index	6
variable	type_angle_c_c1_hc index	7
variable	type_angle_c_c_1_o_1 index	8
variable	type_angle_c_c_1_o_2 index	9
variable	type_angle_c_o_2_c_1 index	10
variable	type_angle_c1_c_hc index	11
variable	type_angle_c1_c_1_o_1 index	12
variable	type_angle_c1_c_1_o_2 index	13
variable	type_angle_c_1_c1_hc index	14
variable	type_angle_hc_c_hc index	15
variable	type_angle_hc_c_o_2 index	16
variable	type_angle_o_1_c_1_o_2 index	17

# Clusters

variable	n0_poly		index	1
variable	n1_poly		index	10
variable	nl_poly		index	10

# Flags

variable	flag_charged	index	1

# Masses

mass		1    12.01115  # c
mass		2    12.01115  # c1
mass		3    12.01115  # c_1
mass		4     1.00797  # hc
mass		5    15.99940  # o_1
mass		6    15.99940  # o_2

# Potentials

pair_modify	mix sixthpower tail yes
special_bonds	lj/coul 0 0 1

# Pair Coeffs

pair_coeff	 1  1    0.05400    4.01000  # c,c
pair_coeff	 2  2    0.05400    4.01000  # c1,c1
pair_coeff	 3  3    0.12000    3.81000  # c_1,c_1
pair_coeff	 4  4    0.02000    2.99500  # hc,hc
pair_coeff	 5  5    0.26700    3.30000  # o_1,o_1
pair_coeff	 6  6    0.24000    3.42000  # o_2,o_2

# Bond Coeffs

bond_coeff	1    1.53000  299.67000 -501.77000  679.81000  # c,c
bond_coeff	2    1.53000  299.67000 -501.77000  679.81000  # c,c1
bond_coeff	3    1.52020  253.70670 -423.03700  396.90000  # c,c_1
bond_coeff	4    1.10100  345.00000 -691.89000  844.60000  # c,hc
bond_coeff	5    1.43000  326.72730 -608.53060  689.03330  # c,o_2
bond_coeff	6    1.52020  253.70670 -423.03700  396.90000  # c1,c_1
bond_coeff	7    1.10100  345.00000 -691.89000  844.60000  # c1,hc
bond_coeff	8    1.20200  851.14030 -1918.48820 2160.76590  # c_1,o_1
bond_coeff	9    1.36830  367.14810 -794.79080 1055.23190  # c_1,o_2

# Angle Coeffs

angle_coeff	 1  112.67000   39.51600   -7.44300   -9.55830  # c,c,c
angle_coeff	 2  112.67000   39.51600   -7.44300   -9.55830  # c,c,c1
angle_coeff	 3  108.52950   51.97470   -9.48510  -10.99850  # c,c,c_1
angle_coeff	 4  110.77000   41.45300  -10.60400    5.12900  # c,c,hc
angle_coeff	 5  112.67000   39.51600   -7.44300   -9.55830  # c,c1,c
angle_coeff	 6  108.52950   51.97470   -9.48510  -10.99850  # c,c1,c_1
angle_coeff	 7  110.77000   41.45300  -10.60400    5.12900  # c,c1,hc
angle_coeff	 8  123.14510   55.54310  -17.21230    0.13480  # c,c_1,o_1
angle_coeff	 9  100.31820   38.86310   -3.83230   -7.98020  # c,c_1,o_2
angle_coeff	10  113.28800   61.28680  -28.97860    7.99290  # c,o_2,c_1
angle_coeff	11  110.77000   41.45300  -10.60400    5.12900  # c1,c,hc
angle_coeff	12  123.14510   55.54310  -17.21230    0.13480  # c1,c_1,o_1
angle_coeff	13  100.31820   38.86310   -3.83230   -7.98020  # c1,c_1,o_2
angle_coeff	14  107.73360   40.60990  -28.81210    0.00000  # c_1,c1,hc
angle_coeff	15  107.66000   39.64100  -12.92100   -2.43180  # hc,c,hc
angle_coeff	16  107.68800   65.48010  -10.34980    5.88660  # hc,c,o_2
angle_coeff	17  120.79700   95.34460  -32.28690    6.37780  # o_1,c_1,o_2

# BondBond Coeffs

angle_coeff	 1 bb    0.00000    1.53000    1.53000  # c,c,c
angle_coeff	 2 bb    0.00000    1.53000    1.53000  # c,c,c1
angle_coeff	 3 bb    5.41990    1.53000    1.52020  # c,c,c_1
angle_coeff	 4 bb    3.38720    1.53000    1.10100  # c,c,hc
angle_coeff	 5 bb    0.00000    1.53000    1.53000  # c,c1,c
angle_coeff	 6 bb    5.41990    1.53000    1.52020  # c,c1,c_1
angle_coeff	 7 bb    3.38720    1.53000    1.10100  # c,c1,hc
angle_coeff	 8 bb   46.06850    1.52020    1.20200  # c,c_1,o_1
angle_coeff	 9 bb   19.10690    1.52020    1.36830  # c,c_1,o_2
angle_coeff	10 bb   45.45030    1.43000    1.36830  # c,o_2,c_1
angle_coeff	11 bb    3.38720    1.53000    1.10100  # c1,c,hc
angle_coeff	12 bb   46.06850    1.52020    1.20200  # c1,c_1,o_1
angle_coeff	13 bb   19.10690    1.52020    1.36830  # c1,c_1,o_2
angle_coeff	14 bb    0.71150    1.52020    1.10100  # c_1,c1,hc
angle_coeff	15 bb    5.33160    1.10100    1.10100  # hc,c,hc
angle_coeff	16 bb    5.64540    1.10100    1.43000  # hc,c,o_2
angle_coeff	17 bb  121.48800    1.20200    1.36830  # o_1,c_1,o_2

# BondAngle Coeffs

angle_coeff	 1 ba    8.01600    8.01600    1.53000    1.53000  # c,c,c
angle_coeff	 2 ba    8.01600    8.01600    1.53000    1.53000  # c,c,c1
angle_coeff	 3 ba   18.16780   15.87580    1.53000    1.52020  # c,c,c_1
angle_coeff	 4 ba   20.75400   11.42100    1.53000    1.10100  # c,c,hc
angle_coeff	 5 ba    8.01600    8.01600    1.53000    1.53000  # c,c1,c
angle_coeff	 6 ba   18.16780   15.87580    1.53000    1.52020  # c,c1,c_1
angle_coeff	 7 ba   20.75400   11.42100    1.53000    1.10100  # c,c1,hc
angle_coeff	 8 ba   34.99820   37.12980    1.52020    1.20200  # c,c_1,o_1
angle_coeff	 9 ba    1.34350    4.69780    1.52020    1.36830  # c,c_1,o_2
angle_coeff	10 ba   41.91160   46.46080    1.43000    1.36830  # c,o_2,c_1
angle_coeff	11 ba   20.75400   11.42100    1.53000    1.10100  # c1,c,hc
angle_coeff	12 ba   34.99820   37.12980    1.52020    1.20200  # c1,c_1,o_1
angle_coeff	13 ba    1.34350    4.69780    1.52020    1.36830  # c1,c_1,o_2
angle_coeff	14 ba   12.46320    9.17650    1.52020    1.10100  # c_1,c1,hc
angle_coeff	15 ba   18.10300   18.10300    1.10100    1.10100  # hc,c,hc
angle_coeff	16 ba    8.68640   57.49750    1.10100    1.43000  # hc,c,o_2
angle_coeff	17 ba   76.26140   71.87610    1.20200    1.36830  # o_1,c_1,o_2

# Dihedral Coeffs

dihedral_coeff	 1    0.00000    0.00000    0.05140    0.00000   -0.14300    0.00000  # c,c,c,c
dihedral_coeff	 2    0.00000    0.00000    0.05140    0.00000   -0.14300    0.00000  # c,c,c,c1
dihedral_coeff	 3    0.09720    0.00000    0.07220    0.00000   -0.25810    0.00000  # c,c,c,c_1
dihedral_coeff	 4    0.00000    0.00000    0.03160    0.00000   -0.16810    0.00000  # c,c,c,hc
dihedral_coeff	 5    0.00000    0.00000    0.05140    0.00000   -0.14300    0.00000  # c,c,c1,c
dihedral_coeff	 6    0.09720    0.00000    0.07220    0.00000   -0.25810    0.00000  # c,c,c1,c_1
dihedral_coeff	 7    0.00000    0.00000    0.03160    0.00000   -0.16810    0.00000  # c,c,c1,hc
dihedral_coeff	 8    0.04420    0.00000    0.02920    0.00000    0.05620    0.00000  # c,c,c_1,o_1
dihedral_coeff	 9    1.83410    0.00000    2.06030    0.00000   -0.01950    0.00000  # c,c,c_1,o_2
dihedral_coeff	10    0.00000    0.00000    0.03160    0.00000   -0.16810    0.00000  # c,c1,c,hc
dihedral_coeff	11    0.04420    0.00000    0.02920    0.00000    0.05620    0.00000  # c,c1,c_1,o_1
dihedral_coeff	12    1.83410    0.00000    2.06030    0.00000   -0.01950    0.00000  # c,c1,c_1,o_2
dihedral_coeff	13   -2.55940    0.00000    2.20130    0.00000    0.03250    0.00000  # c,c_1,o_2,c
dihedral_coeff	14   -2.55940    0.00000    2.20130    0.00000    0.03250    0.00000  # c,o_2,c_1,c1
dihedral_coeff	15    0.00000    0.00000    2.20890    0.00000    0.00000    0.00000  # c,o_2,c_1,o_1
dihedral_coeff	16    0.09720    0.00000    0.07220    0.00000   -0.25810    0.00000  # c1,c,c,c_1
dihedral_coeff	17   -0.02280    0.00000    0.02800    0.00000   -0.18630    0.00000  # c_1,c,c,hc
dihedral_coeff	18   -0.02280    0.00000    0.02800    0.00000   -0.18630    0.00000  # c_1,c1,c,hc
dihedral_coeff	19    0.00000    0.00000    0.00000    0.00000   -0.19320    0.00000  # c_1,o_2,c,hc
dihedral_coeff	20   -0.14320    0.00000    0.06170    0.00000   -0.10830    0.00000  # hc,c,c1,hc
dihedral_coeff	21   -0.18040    0.00000    0.00120    0.00000    0.03710    0.00000  # hc,c1,c_1,o_1
dihedral_coeff	22   -0.63590    0.00000    1.48070    0.00000   -0.04380    0.00000  # hc,c1,c_1,o_2

# MiddleBondTorsion Coeffs

dihedral_coeff	 1 mbt  -17.78700   -7.18770    0.00000    1.53000  # c,c,c,c
dihedral_coeff	 2 mbt  -17.78700   -7.18770    0.00000    1.53000  # c,c,c,c1
dihedral_coeff	 3 mbt   -1.59450    0.22670   -0.69110    1.53000  # c,c,c,c_1
dihedral_coeff	 4 mbt  -14.87900   -3.65810   -0.31380    1.53000  # c,c,c,hc
dihedral_coeff	 5 mbt  -17.78700   -7.18770    0.00000    1.53000  # c,c,c1,c
dihedral_coeff	 6 mbt   -1.59450    0.22670   -0.69110    1.53000  # c,c,c1,c_1
dihedral_coeff	 7 mbt  -14.87900   -3.65810   -0.31380    1.53000  # c,c,c1,hc
dihedral_coeff	 8 mbt    0.33880   -0.10960    0.12190    1.52020  # c,c,c_1,o_1
dihedral_coeff	 9 mbt  -17.32800   -5.79000   -3.21140    1.52020  # c,c,c_1,o_2
dihedral_coeff	10 mbt  -14.87900   -3.65810   -0.31380    1.53000  # c,c1,c,hc
dihedral_coeff	11 mbt    0.33880   -0.10960    0.12190    1.52020  # c,c1,c_1,o_1
dihedral_coeff	12 mbt  -17.32800   -5.79000   -3.21140    1.52020  # c,c1,c_1,o_2
dihedral_coeff	13 mbt    1.34450    3.55150   -4.92020    1.36830  # c,c_1,o_2,c
dihedral_coeff	14 mbt    1.34450    3.55150   -4.92020    1.36830  # c,o_2,c_1,c1
dihedral_coeff	15 mbt    4.26000    0.00000    0.00000    1.36830  # c,o_2,c_1,o_1
dihedral_coeff	16 mbt   -1.59450    0.22670   -0.69110    1.53000  # c1,c,c,c_1
dihedral_coeff	17 mbt   -3.50390    1.24580   -0.76100    1.53000  # c_1,c,c,hc
dihedral_coeff	18 mbt   -3.50390    1.24580   -0.76100    1.53000  # c_1,c1,c,hc
dihedral_coeff	19 mbt    0.00000    0.00000    0.00000    1.43000  # c_1,o_2,c,hc
dihedral_coeff	20 mbt  -14.26100   -0.53220   -0.48640    1.53000  # hc,c,c1,hc
dihedral_coeff	21 mbt    0.23590    0.91390    0.95940    1.52020  # hc,c1,c_1,o_1
dihedral_coeff	22 mbt  -13.76860   -2.59590    1.19340    1.52020  # hc,c1,c_1,o_2

# EndBondTorsion Coeffs

dihedral_coeff	 1 ebt   -0.07320    0.00000    0.00000   -0.07320    0.00000    0.00000    1.53000    1.53000  # c,c,c,c
dihedral_coeff	 2 ebt   -0.07320    0.00000    0.00000   -0.07320    0.00000    0.00000    1.53000    1.53000  # c,c,c,c1
dihedral_coeff	 3 ebt    0.00620   -0.00020    0.00360    0.00550    0.00600   -0.00090    1.53000    1.52020  # c,c,c,c_1
dihedral_coeff	 4 ebt    0.24860    0.24220   -0.09250    0.08140    0.05910    0.22190    1.53000    1.10100  # c,c,c,hc
dihedral_coeff	 5 ebt   -0.07320    0.00000    0.00000   -0.07320    0.00000    0.00000    1.53000    1.53000  # c,c,c1,c
dihedral_coeff	 6 ebt    0.00620   -0.00020    0.00360    0.00550    0.00600   -0.00090    1.53000    1.52020  # c,c,c1,c_1
dihedral_coeff	 7 ebt    0.24860    0.24220   -0.09250    0.08140    0.05910    0.22190    1.53000    1.10100  # c,c,c1,hc
dihedral_coeff	 8 ebt    0.26540    0.05030    0.10460   -0.28100    0.08160   -0.15220    1.53000    1.20200  # c,c,c_1,o_1
dihedral_coeff	 9 ebt    0.00000    0.00000    0.00000    0.00000    0.00000    0.00000    1.53000    1.36830  # c,c,c_1,o_2
dihedral_coeff	10 ebt    0.24860    0.24220   -0.09250    0.08140    0.05910    0.22190    1.53000    1.10100  # c,c1,c,hc
dihedral_coeff	11 ebt    0.26540    0.05030    0.10460   -0.28100    0.08160   -0.15220    1.53000    1.20200  # c,c1,c_1,o_1
dihedral_coeff	12 ebt    0.00000    0.00000    0.00000    0.00000    0.00000    0.00000    1.53000    1.36830  # c,c1,c_1,o_2
dihedral_coeff	13 ebt    0.00000    0.00000    0.00000    0.00000    0.00000    0.00000    1.52020    1.43000  # c,c_1,o_2,c
dihedral_coeff	14 ebt    0.00000    0.00000    0.00000    0.00000    0.00000    0.00000    1.43000    1.52020  # c,o_2,c_1,c1
dihedral_coeff	15 ebt    0.00000    0.00000    0.00000    0.00000    0.00000    0.00000    1.43000    1.20200  # c,o_2,c_1,o_1
dihedral_coeff	16 ebt    0.00620   -0.00020    0.00360    0.00550    0.00600   -0.00090    1.53000    1.52020  # c1,c,c,c_1
dihedral_coeff	17 ebt   -0.02040    0.36280   -0.44260   -0.00970   -0.03150   -0.07550    1.52020    1.10100  # c_1,c,c,hc
dihedral_coeff	18 ebt   -0.02040    0.36280   -0.44260   -0.00970   -0.03150   -0.07550    1.52020    1.10100  # c_1,c1,c,hc
dihedral_coeff	19 ebt    0.00000    0.00000    0.00000    0.00000    0.00000    0.00000    1.36830    1.10100  # c_1,o_2,c,hc
dihedral_coeff	20 ebt    0.21300    0.31200    0.07770    0.21300    0.31200    0.07770    1.10100    1.10100  # hc,c,c1,hc
dihedral_coeff	21 ebt    1.21430    0.28310    0.39160   -0.22980    0.03540    0.38530    1.10100    1.20200  # hc,c1,c_1,o_1
dihedral_coeff	22 ebt    0.00000    0.00000    0.00000    0.00000    0.00000    0.00000    1.10100    1.36830  # hc,c1,c_1,o_2

# AngleTorsion Coeffs

dihedral_coeff	 1 at    0.38860   -0.31390    0.13890    0.38860   -0.31390    0.13890  112.67000  112.67000  # c,c,c,c
dihedral_coeff	 2 at    0.38860   -0.31390    0.13890    0.38860   -0.31390    0.13890  112.67000  112.67000  # c,c,c,c1
dihedral_coeff	 3 at   -0.26070    0.32030   -0.22830    0.05150   -0.06740   -0.04740  112.67000  108.52950  # c,c,c,c_1
dihedral_coeff	 4 at   -0.24540    0.00000   -0.11360    0.31130    0.45160   -0.19880  112.67000  110.77000  # c,c,c,hc
dihedral_coeff	 5 at    0.38860   -0.31390    0.13890    0.38860   -0.31390    0.13890  112.67000  112.67000  # c,c,c1,c
dihedral_coeff	 6 at   -0.26070    0.32030   -0.22830    0.05150   -0.06740   -0.04740  112.67000  108.52950  # c,c,c1,c_1
dihedral_coeff	 7 at   -0.24540    0.00000   -0.11360    0.31130    0.45160   -0.19880  112.67000  110.77000  # c,c,c1,hc
dihedral_coeff	 8 at    0.08850   -1.37030   -0.54520    0.67500    0.59650    0.67250  108.52950  123.14510  # c,c,c_1,o_1
dihedral_coeff	 9 at    0.00000    0.00000    0.00000    0.00000    0.00000    0.00000  108.52950  100.31820  # c,c,c_1,o_2
dihedral_coeff	10 at   -0.24540    0.00000   -0.11360    0.31130    0.45160   -0.19880  112.67000  110.77000  # c,c1,c,hc
dihedral_coeff	11 at    0.08850   -1.37030   -0.54520    0.67500    0.59650    0.67250  108.52950  123.14510  # c,c1,c_1,o_1
dihedral_coeff	12 at    0.00000    0.00000    0.00000    0.00000    0.00000    0.00000  108.52950  100.31820  # c,c1,c_1,o_2
dihedral_coeff	13 at    0.00000    0.00000    0.00000    0.00000    0.00000    0.00000  100.31820  113.28800  # c,c_1,o_2,c
dihedral_coeff	14 at    0.00000    0.00000    0.00000    0.00000    0.00000    0.00000  113.28800  100.31820  # c,o_2,c_1,c1
dihedral_coeff	15 at    0.00000    0.00000    0.00000    0.00000    0.00000    0.00000  113.28800  120.79700  # c,o_2,c_1,o_1
dihedral_coeff	16 at   -0.26070    0.32030   -0.22830    0.05150   -0.06740   -0.04740  112.67000  108.52950  # c1,c,c,c_1
dihedral_coeff	17 at   -0.74660   -0.94480   -0.63210    0.01620    1.42110   -1.40920  108.52950  110.77000  # c_1,c,c,hc
dihedral_coeff	18 at   -0.74660   -0.94480   -0.63210    0.01620    1.42110   -1.40920  108.52950  110.77000  # c_1,c1,c,hc
dihedral_coeff	19 at    0.00000    0.00000    0.00000    0.00000    0.00000    0.00000  113.28800  107.68800  # c_1,o_2,c,hc
dihedral_coeff	20 at   -0.80850    0.55690   -0.24660   -0.80850    0.55690   -0.24660  110.77000  110.77000  # hc,c,c1,hc
dihedral_coeff	21 at    9.12990   -0.48470    0.35820   -1.49460    0.73080   -0.20830  107.73360  123.14510  # hc,c1,c_1,o_1
dihedral_coeff	22 at    0.00000    0.00000    0.00000    0.00000    0.00000    0.00000  107.73360  100.31820  # hc,c1,c_1,o_2

# AngleAngleTorsion Coeffs

dihedral_coeff	 1 aat  -22.04500  112.67000  112.67000  # c,c,c,c
dihedral_coeff	 2 aat  -22.04500  112.67000  112.67000  # c,c,c,c1
dihedral_coeff	 3 aat   -0.38010  112.67000  108.52950  # c,c,c,c_1
dihedral_coeff	 4 aat  -16.16400  112.67000  110.77000  # c,c,c,hc
dihedral_coeff	 5 aat  -22.04500  112.67000  112.67000  # c,c,c1,c
dihedral_coeff	 6 aat   -0.38010  112.67000  108.52950  # c,c,c1,c_1
dihedral_coeff	 7 aat  -16.16400  112.67000  110.77000  # c,c,c1,hc
dihedral_coeff	 8 aat   -8.01900  108.52950  123.14510  # c,c,c_1,o_1
dihedral_coeff	 9 aat    0.00000  108.52950  100.31820  # c,c,c_1,o_2
dihedral_coeff	10 aat  -16.16400  112.67000  110.77000  # c,c1,c,hc
dihedral_coeff	11 aat   -8.01900  108.52950  123.14510  # c,c1,c_1,o_1
dihedral_coeff	12 aat    0.00000  108.52950  100.31820  # c,c1,c_1,o_2
dihedral_coeff	13 aat    0.00000  100.31820  113.28800  # c,c_1,o_2,c
dihedral_coeff	14 aat    0.00000  113.28800  100.31820  # c,o_2,c_1,c1
dihedral_coeff	15 aat    0.00000  113.28800  120.79700  # c,o_2,c_1,o_1
dihedral_coeff	16 aat   -0.38010  112.67000  108.52950  # c1,c,c,c_1
dihedral_coeff	17 aat   -5.36240  108.52950  110.77000  # c_1,c,c,hc
dihedral_coeff	18 aat   -5.36240  108.52950  110.77000  # c_1,c1,c,hc
dihedral_coeff	19 aat    0.00000  113.28800  107.68800  # c_1,o_2,c,hc
dihedral_coeff	20 aat  -12.56400  110.77000  110.77000  # hc,c,c1,hc
dihedral_coeff	21 aat  -15.34960  107.73360  123.14510  # hc,c1,c_1,o_1
dihedral_coeff	22 aat    0.00000  107.73360  100.31820  # hc,c1,c_1,o_2

# BondBond13 Coeffs

dihedral_coeff	 1 bb13    0.00000    1.53000    1.53000  # c,c,c,c
dihedral_coeff	 2 bb13    0.00000    1.53000    1.53000  # c,c,c,c1
dihedral_coeff	 3 bb13    0.00000    1.53000    1.52020  # c,c,c,c_1
dihedral_coeff	 4 bb13    0.00000    1.53000    1.10100  # c,c,c,hc
dihedral_coeff	 5 bb13    0.00000    1.53000    1.53000  # c,c,c1,c
dihedral_coeff	 6 bb13    0.00000    1.53000    1.52020  # c,c,c1,c_1
dihedral_coeff	 7 bb13    0.00000    1.53000    1.10100  # c,c,c1,hc
dihedral_coeff	 8 bb13    0.00000    1.53000    1.20200  # c,c,c_1,o_1
dihedral_coeff	 9 bb13    0.00000    1.53000    1.36830  # c,c,c_1,o_2
dihedral_coeff	10 bb13    0.00000    1.53000    1.10100  # c,c1,c,hc
dihedral_coeff	11 bb13    0.00000    1.53000    1.20200  # c,c1,c_1,o_1
dihedral_coeff	12 bb13    0.00000    1.53000    1.36830  # c,c1,c_1,o_2
dihedral_coeff	13 bb13    0.00000    1.52020    1.43000  # c,c_1,o_2,c
dihedral_coeff	14 bb13    0.00000    1.43000    1.52020  # c,o_2,c_1,c1
dihedral_coeff	15 bb13    0.00000    1.43000    1.20200  # c,o_2,c_1,o_1
dihedral_coeff	16 bb13    0.00000    1.53000    1.52020  # c1,c,c,c_1
dihedral_coeff	17 bb13    0.00000    1.52020    1.10100  # c_1,c,c,hc
dihedral_coeff	18 bb13    0.00000    1.52020    1.10100  # c_1,c1,c,hc
dihedral_coeff	19 bb13    0.00000    1.36830    1.10100  # c_1,o_2,c,hc
dihedral_coeff	20 bb13    0.00000    1.10100    1.10100  # hc,c,c1,hc
dihedral_coeff	21 bb13    0.00000    1.10100    1.20200  # hc,c1,c_1,o_1
dihedral_coeff	22 bb13    0.00000    1.10100    1.36830  # hc,c1,c_1,o_2

# Improper Coeffs

improper_coeff	 1    0.00000    0.00000  # c,c,c,c
improper_coeff	 2    0.00000    0.00000  # c,c,c,c_1
improper_coeff	 3    0.00000    0.00000  # c,c,c,hc
improper_coeff	 4    0.00000    0.00000  # c,c,c1,hc
improper_coeff	 5    0.00000    0.00000  # c,c,hc,hc
improper_coeff	 6    0.00000    0.00000  # c,c1,hc,hc
improper_coeff	 7    0.00000    0.00000  # c,hc,hc,hc
improper_coeff	 8    0.00000    0.00000  # c,hc,hc,o_2
improper_coeff	 9    0.00000    0.00000  # c1,c,c,c_1
improper_coeff	10    0.00000    0.00000  # c1,c,c,hc
improper_coeff	11    0.00000    0.00000  # c1,c,c_1,hc
improper_coeff	12    0.00000    0.00000  # c1,c,hc,c_1
improper_coeff	13   46.92640    0.00000  # c_1,c,o_2,o_1
improper_coeff	14   46.92640    0.00000  # c_1,c1,o_2,o_1

# AngleAngle Coeffs

improper_coeff	 1 aa   -0.17290   -0.17290   -0.17290  112.67000  112.67000  112.67000  # c,c,c,c
improper_coeff	 2 aa    0.00000    0.00000    0.00000  112.67000  108.52950  108.52950  # c,c,c,c_1
improper_coeff	 3 aa   -1.31990   -1.31990    0.11840  112.67000  110.77000  110.77000  # c,c,c,hc
improper_coeff	 4 aa   -1.31990   -1.31990    0.11840  112.67000  110.77000  110.77000  # c,c,c1,hc
improper_coeff	 5 aa    0.27380   -0.48250    0.27380  110.77000  110.77000  107.66000  # c,c,hc,hc
improper_coeff	 6 aa    0.27380   -0.48250    0.27380  110.77000  110.77000  107.66000  # c,c1,hc,hc
improper_coeff	 7 aa   -0.31570   -0.31570   -0.31570  107.66000  107.66000  107.66000  # c,hc,hc,hc
improper_coeff	 8 aa    0.00000    0.00000    0.00000  107.66000  107.68800  107.68800  # c,hc,hc,o_2
improper_coeff	 9 aa    0.00000    0.00000    0.00000  112.67000  108.52950  108.52950  # c1,c,c,c_1
improper_coeff	10 aa   -1.31990   -1.31990    0.11840  112.67000  110.77000  110.77000  # c1,c,c,hc
improper_coeff	11 aa    2.04030   -1.82020    1.08270  108.52950  110.77000  107.73360  # c1,c,c_1,hc
improper_coeff	12 aa    1.08270   -1.82020    2.04030  110.77000  108.52950  107.73360  # c1,c,hc,c_1
improper_coeff	13 aa    0.00000    0.00000    0.00000  100.31820  123.14510  120.79700  # c_1,c,o_2,o_1
improper_coeff	14 aa    0.00000    0.00000    0.00000  100.31820  123.14510  120.79700  # c_1,c1,o_2,o_1


# --- Thermo Output ---
thermo_style custom step time temp press etotal pe ebond eangle edihed eimp evdwl ecoul elong vol lx ly lz density
thermo_modify flush yes
thermo 500

# --- Trajectory ---
dump dump_min all custom 1000 minimize.dump id type mol x y z ix iy iz

# --- Minimization ---
min_style cg
minimize 1e-06 1e-06 50000 100000

CITE-CITE-CITE-CITE-CITE-CITE-CITE-CITE-CITE-CITE-CITE-CITE-CITE

Your simulation uses code contributions which should be cited:

- GPU package (short-range, long-range and three-body potentials): doi:10.1016/j.cpc.2010.12.021, doi:10.1016/j.cpc.2011.10.012, doi:10.1016/j.cpc.2013.08.002, doi:10.1016/j.commatsci.2014.10.068, doi:10.1016/j.cpc.2016.10.020, doi:10.3233/APC200086

@Article{Brown11,
 author = {W. M. Brown and P. Wang and S. J. Plimpton and A. N. Tharrington},
 title = {Implementing Molecular Dynamics on Hybrid High Performance Computers---Short Range Forces},
 journal = {Comput.\ Phys.\ Commun.},
 year =    2011,
 volume =  182,
 pages =   {898--911},
 doi =     {10.1016/j.cpc.2010.12.021}
}

@Article{Brown12,
 author = {W. M. Brown and A. Kohlmeyer and S. J. Plimpton and A. N. Tharrington},
 title = {Implementing Molecular Dynamics on Hybrid High Performance Computers - Particle-Particle Particle-Mesh},
 journal = {Comput.\ Phys.\ Commun.},
 year =    2012,
 volume =  183,
 doi =     {10.1016/j.cpc.2011.10.012},
 pages =   {449--459}
}

@Article{Brown13,
 author = {W. M. Brown and Y. Masako},
 title = {Implementing Molecular Dynamics on Hybrid High Performance Computers---Three-Body Potentials},
 journal = {Comput.\ Phys.\ Commun.},
 year =    2013,
 volume =  184,
 pages =   {2785--2793},
 doi =     {10.1016/j.cpc.2013.08.002},
}

@Article{Trung15,
 author = {T. D. Nguyen and S. J. Plimpton},
 title = {Accelerating Dissipative Particle Dynamics Simulations for Soft Matter Systems},
 journal = {Comput.\ Mater.\ Sci.},
 year =    2015,
 doi =     {10.1016/j.commatsci.2014.10.068},
 volume =  100,
 pages =   {173--180}
}

@Article{Trung17,
 author = {T. D. Nguyen},
 title = {{GPU}-Accelerated {T}ersoff Potentials for Massively Parallel
    Molecular Dynamics Simulations},
 journal = {Comput.\ Phys.\ Commun.},
 year =    2017,
 doi =     {10.1016/j.cpc.2016.10.020},
 volume =  212,
 pages =   {113--122}
}

@inproceedings{Nikolskiy19,
 author = {V. Nikolskiy and V. Stegailov},
 title = {{GPU} Acceleration of Four-Site Water Models in {LAMMPS}},
 booktitle = {Proceedings of the International Conference on Parallel
    Computing (ParCo 2019), Prague, Czech Republic},
 doi =     {10.3233/APC200086},
 year =    2019
}

CITE-CITE-CITE-CITE-CITE-CITE-CITE-CITE-CITE-CITE-CITE-CITE-CITE

PPPM initialization ...
  using 12-bit tables for long-range coulomb
  G vector (1/distance) = 0.32263586
  grid = 45 45 45
  stencil order = 5
  estimated absolute RMS force accuracy = 0.00038748708
  estimated relative force accuracy = 1.1669058e-06
  using double precision KISS FFT
  3d grid and FFT values/proc = 140608 91125
Generated 15 of 15 mixed pair_coeff terms from sixthpower/sixthpower mixing rule
Neighbor list info ...
  update: every = 1 steps, delay = 0 steps, check = yes
  max neighbors/atom: 4000, page size: 100000
  master list distance cutoff = 11.5
  ghost atom cutoff = 11.5
  binsize = 5.75, bins = 9 9 9
  1 neighbor lists, perpetual/occasional/extra = 1 0 0
  (1) pair lj/class2/coul/long/gpu, perpetual
      attributes: full, newton on
      pair build: full/bin
      stencil: full/bin/3d
      bin: standard
Per MPI rank memory allocation (min/avg/max) = 69.18 | 69.18 | 69.18 Mbytes
   Step          Time           Temp          Press          TotEng         PotEng         E_bond        E_angle        E_dihed        E_impro         E_vdwl         E_coul         E_long         Volume           Lx             Ly             Lz          Density    
         0   0              0              15616.195      27215.066      27215.066      3541.2693      8102.8799     -700.22695      194.17676      5658.3435      34185.436     -23766.813      110889.36      48.042983      48.042983      48.042983      0.59999999   
       107   107            0              5384.2208      17288.999      17288.999      1377.8164      4763.0399     -1165.7275      102.02432      2074.8887      33938.543     -23801.585      110889.36      48.042983      48.042983      48.042983      0.59999999   
Loop time of 11.6315 on 1 procs for 107 steps with 6020 atoms

100.0% CPU use with 1 MPI tasks x 1 OpenMP threads

Minimization stats:
  Stopping criterion = energy tolerance
  Energy initial, next-to-last, final = 
      27215.0658411323   17289.0010817002   17288.9991524114
  Force two-norm initial, final = 2639.0121 1294.2631
  Force max component initial, final = 134.60891 997.7897
  Final line search alpha, max atom move = 1.5807973e-07 0.00015773033
  Iterations, force evaluations = 107 299

MPI task timing breakdown:
Section |  min time  |  avg time  |  max time  |%varavg| %total
---------------------------------------------------------------
Pair    | 0.2609     | 0.2609     | 0.2609     |   0.0 |  2.24
Bond    | 3.3618     | 3.3618     | 3.3618     |   0.0 | 28.90
Kspace  | 7.6367     | 7.6367     | 7.6367     |   0.0 | 65.66
Neigh   | 0.26627    | 0.26627    | 0.26627    |   0.0 |  2.29
Comm    | 0.04472    | 0.04472    | 0.04472    |   0.0 |  0.38
Output  | 0          | 0          | 0          |   0.0 |  0.00
Modify  | 5.8556e-05 | 5.8556e-05 | 5.8556e-05 |   0.0 |  0.00
Other   |            | 0.06102    |            |       |  0.52

Nlocal:           6020 ave        6020 max        6020 min
Histogram: 1 0 0 0 0 0 0 0 0 0
Nghost:          13624 ave       13624 max       13624 min
Histogram: 1 0 0 0 0 0 0 0 0 0
Neighs:              0 ave           0 max           0 min
Histogram: 1 0 0 0 0 0 0 0 0 0
FullNghs:  2.78548e+06 ave 2.78548e+06 max 2.78548e+06 min
Histogram: 1 0 0 0 0 0 0 0 0 0

Total # of neighbors = 2785484
Ave neighs/atom = 462.70498
Ave special neighs/atom = 5.717608
Neighbor list builds = 3
Dangerous builds = 0

undump dump_min
reset_timestep 0

# --- Write Output ---
write_dump all custom minimize_last.dump id type mol x y z xu yu zu vx vy vz modify sort id
write_data /home/arz2/PolyJarvis/data/PMMA1/lammps/minimize/minimize_out.data
System init for write_data ...
PPPM initialization ...
  using 12-bit tables for long-range coulomb
  G vector (1/distance) = 0.32263586
  grid = 45 45 45
  stencil order = 5
  estimated absolute RMS force accuracy = 0.00038748708
  estimated relative force accuracy = 1.1669058e-06
  using double precision KISS FFT
  3d grid and FFT values/proc = 140608 91125
Generated 15 of 15 mixed pair_coeff terms from sixthpower/sixthpower mixing rule

print "STAGE COMPLETE: minimization"
STAGE COMPLETE: minimization
quit
 3.3618     | 3.3618     |   0.0 | 28.90
Kspace  | 7.6367     | 7.6367     | 7.6367     |   0.0 | 65.66
Neigh   | 0.26627    | 0.26627    | 0.26627    |   0.0 |  2.29
Comm    | 0.04472    | 0.04472    | 0.04472    |   0.0 |  0.38
Output  | 0          | 0          | 0          |   0.0 |  0.00
Modify  | 5.8556e-05 | 5.8556e-05 | 5.8556e-05 |   0.0 |  0.00
Other   |            | 0.06102    |            |       |  0.52

Nlocal:           6020 ave        6020 max        6020 min
Histogram: 1 0 0 0 0 0 0 0 0 0
Nghost:          13624 ave       13624 max       13624 min
Histogram: 1 0 0 0 0 0 0 0 0 0
Neighs:              0 ave           0 max           0 min
Histogram: 1 0 0 0 0 0 0 0 0 0
FullNghs:  2.78548e+06 ave 2.78548e+06 max 2.78548e+06 min
Histogram: 1 0 0 0 0 0 0 0 0 0

Total # of neighbors = 2785484
Ave neighs/atom = 462.70498
Ave special neighs/atom = 5.717608
Neighbor list builds = 3
Dangerous builds = 0
System init for write_data ...
PPPM initialization ...
  using 12-bit tables for long-range coulomb
  G vector (1/distance) = 0.32263586
  grid = 45 45 45
  stencil order = 5
  estimated absolute RMS force accuracy = 0.00038748708
  estimated relative force accuracy = 1.1669058e-06
  using double precision KISS FFT
  3d grid and FFT values/proc = 140608 91125


---------------------------------------------------------------------
    Device Time Info (average) for kspace: 
---------------------------------------------------------------------
Data Out:        0.0420 s.
Data In:         0.2132 s.
Kernel (map):    0.0038 s.
Kernel (rho):    0.1564 s.
Force interp:    0.0134 s.
Total rho:       0.2022 s.
Total interp:    0.2266 s.
Force copy:      0.0080 s.
Total:           0.4368 s.
CPU Poisson:     7.6434 s.
CPU Data Cast:   0.0062 s.
CPU Idle Time:   0.0026 s.
Max Mem / Proc:  40.50 MB.
---------------------------------------------------------------------


--------------------------------------------------------------------------
- Using acceleration for pppm:
-  with 1 proc(s) per device.
-  with 1 thread(s) per proc.
-  Horizontal vector operations: ENABLED
-  Shared memory system: No
--------------------------------------------------------------------------
Device 0: Quadro RTX 6000, 72 CUs, 18/24 GB, 1.8 GHZ (Mixed Precision)
--------------------------------------------------------------------------

Initializing Device and compiling on process 0...Done.
Initializing Device 0 on core 0...Done.



---------------------------------------------------------------------
      Device Time Info (average): 
---------------------------------------------------------------------
Data Transfer:   0.0080 s.
Neighbor copy:   0.0207 s.
Neighbor unpack: 0.0000 s.
Force calc:      0.0742 s.
Device Overhead: 0.0057 s.
CPU Cast/Pack:   0.0101 s.
CPU Driver_Time: 0.0035 s.
CPU Idle_Time:   0.0019 s.
Average split:   1.0000.
Max Mem / Proc:  23.31 MB.
Prefetch mode:   None.
Vector width:    32.
Lanes / atom:    8.
Pair block:      256.
Neigh block:     128.
Neigh mode:      Host.
---------------------------------------------------------------------


--------------------------------------------------------------------------
- Using acceleration for lj/class2/coul/long:
-  with 1 proc(s) per device.
-  with 1 thread(s) per proc.
-  Horizontal vector operations: ENABLED
-  Shared memory system: No
--------------------------------------------------------------------------
Device 0: Quadro RTX 6000, 72 CUs, 18/24 GB, 1.8 GHZ (Mixed Precision)
--------------------------------------------------------------------------

Initializing Device and compiling on process 0...Done.
Initializing Device 0 on core 0...Done.

Generated 15 of 15 mixed pair_coeff terms from sixthpower/sixthpower mixing rule
STAGE COMPLETE: minimization
Cuda driver error 4 in call at file '/home/arz2/lammps/lib/gpu/geryon/nvd_timer.h' in line 98.
Cuda driver error 4 in call at file '/home/arz2/lammps/lib/gpu/geryon/nvd_timer.h' in line 99.
Cuda driver error 4 in call at file '/home/arz2/lammps/lib/gpu/geryon/nvd_timer.h' in line 98.
Cuda driver error 4 in call at file '/home/arz2/lammps/lib/gpu/geryon/nvd_timer.h' in line 99.
Cuda driver error 4 in call at file '/home/arz2/lammps/lib/gpu/geryon/nvd_timer.h' in line 98.
Cuda driver error 4 in call at file '/home/arz2/lammps/lib/gpu/geryon/nvd_timer.h' in line 99.
Cuda driver error 4 in call at file '/home/arz2/lammps/lib/gpu/geryon/nvd_timer.h' in line 98.
Cuda driver error 4 in call at file '/home/arz2/lammps/lib/gpu/geryon/nvd_timer.h' in line 99.
Cuda driver error 4 in call at file '/home/arz2/lammps/lib/gpu/geryon/nvd_timer.h' in line 98.
Cuda driver error 4 in call at file '/home/arz2/lammps/lib/gpu/geryon/nvd_timer.h' in line 99.
Cuda driver error 4 in call at file '/home/arz2/lammps/lib/gpu/geryon/nvd_timer.h' in line 98.
Cuda driver error 4 in call at file '/home/arz2/lammps/lib/gpu/geryon/nvd_timer.h' in line 99.
Cuda driver error 4 in call at file '/home/arz2/lammps/lib/gpu/geryon/nvd_timer.h' in line 98.
Cuda driver error 4 in call at file '/home/arz2/lammps/lib/gpu/geryon/nvd_timer.h' in line 99.
Cuda driver error 4 in call at file '/home/arz2/lammps/lib/gpu/geryon/nvd_timer.h' in line 98.
Cuda driver error 4 in call at file '/home/arz2/lammps/lib/gpu/geryon/nvd_timer.h' in line 99.
Cuda driver error 4 in call at file '/home/arz2/lammps/lib/gpu/geryon/nvd_timer.h' in line 98.
Cuda driver error 4 in call at file '/home/arz2/lammps/lib/gpu/geryon/nvd_timer.h' in line 99.
Cuda driver error 4 in call at file '/home/arz2/lammps/lib/gpu/geryon/nvd_timer.h' in line 98.
Cuda driver error 4 in call at file '/home/arz2/lammps/lib/gpu/geryon/nvd_timer.h' in line 99.
