# ══════════════════════════════════════════════════════════
# PS_run2 — Property Log
# Polymer: PS   Chains: 10   Atoms: 9940
# Backbone types: [2,3]
# Force field: GAFF2 (lj/charmm/coul/long + pppm + SHAKE)
# Updated: 2026-03-22 (PolyJarvis audit — structural data added)
# ══════════════════════════════════════════════════════════

## Equilibration (bulk_modulus NPT, 300 K, 1 atm, 500k steps)
  Status:           PASS
  Density converged: YES  (drift=0.29%, block SEM=0.040%)
  Energy converged:  YES  (drift=0.059%, block SEM=0.016%)
  T_mean:           300.20 K
  P_mean:           30.72 atm
  Note:             ps2_npt_bulk.log — constant T=300K NPT

## Density (300 K, plateau method, bulk_modulus NPT)
  ρ = 1.0526 ± 0.0002 g/cm³  (SEM=0.000173)
  Plateau fraction: 100% (501 points)
  Plateau and naive means agree → clean equilibration

## Glass Transition Temperature (bilinear F-stat fit, v3 March 2026)
  Tg        = 416.1 K
  Tg (alt)  = 416.1 K
  Quality   = ACCEPTABLE
  R²        = 0.9957
  Bins used = 15 (skipped 4 drifting)

## Bulk Modulus (NPT volume-fluctuation method, T=300 K)
  K = 2.84 GPa  (SEM = 0.27 GPa)
  Method: K = kT⟨V⟩/⟨δV²⟩, last 50% of ps2_npt_bulk.log (501 samples)
  ⟨V⟩ = 107854.55 Å³, σ(V) = 396.51 Å³
  Block avg: [2.61, 3.67, 3.71, 2.59, 2.64] GPa

## Structural Properties (MDAnalysis 2.10.0, 101 frames, NVT 300 K)
  ⟨R⟩ (end-to-end)  = 28.03 Å
  ⟨R²⟩              = 937.44 Å²
  Chains analysed   = 10
  Source: structure/analysis_mda/end_to_end_summary.json

  RDF pairs computed: 1-1, 1-2, 1-3, 2-2, 2-3, 3-3
  Source: structure/analysis_mda/rdf_summary.json
