Electrostatic potential parameters

Grid information (see 1_monomer1_grid.dat in Angstrom)
    Number of grid points:            11427

Quantum electrostatic potential (see 1_monomer1_grid_esp.dat)

Constraints
    Charge constraints
        Total charge of  -0.29358980 on the set   4
        Total charge of  -0.28941377 on the set   5
    Equality constraints
        Equal charges on atoms
                                  1   7   8
                                  6

Restraint
    Hyperbolic restraint to a charge of zero
    Hydrogen atoms are not restrained
    resp_a:                           0.0010
    resp_b:                           0.1000

Fit

Electrostatic Potential Charges
   Center  Symbol       ESP      RESP
      1    H       0.11841889  0.11621823
      2    C      -0.39412446 -0.38562230
      3    C       0.62560151  0.62354760
      4    F      -0.29358980 -0.29358980
      5    F      -0.28941377 -0.28941377
      6    H      -0.00373015 -0.00357641
      7    H       0.11841889  0.11621823
      8    H       0.11841889  0.11621823
Total Charge:     -0.00000000 -0.00000000
