# ══════════════════════════════════════════════════════════
# PS_run1 — Property Log
# Polymer: PS   Chains: 10   Atoms: 9940
# Backbone types: [2,3]
# Force field: GAFF2 (lj/charmm/coul/long + pppm + SHAKE)
# Updated: 2026-03-22 (PolyJarvis audit — structural data added)
# ══════════════════════════════════════════════════════════

## Equilibration (bulk_modulus NPT, 300 K, 1 atm, 500k steps)
  Status:           PASS
  Density converged: YES
  Energy converged:  YES
  T_mean:           300.11 K
  Note:             ps1_npt_bulk.log — constant T=300K NPT

## Density (300 K, plateau method, bulk_modulus NPT)
  ρ = 1.0557 ± 0.0002 g/cm³  (SEM=0.000198)
  Plateau fraction: 100% (501 points)

## Glass Transition Temperature (bilinear F-stat fit, v3 March 2026)
  Tg        = 498.4 K
  Tg (alt)  = 456.0 K
  Quality   = GOOD
  R²        = 0.9970
  Bins used = 16 (skipped 12 drifting)

## Bulk Modulus (NPT volume-fluctuation method, T=300 K)
  K = 2.18 GPa  (SEM = 0.12 GPa)
  Method: K = kT⟨V⟩/⟨δV²⟩, last 50% of ps1_npt_bulk.log (501 samples)
  ⟨V⟩ = 107538.22 Å³, σ(V) = 452.17 Å³
  Block avg: [2.81, 2.60, 2.89, 2.41, 3.10] GPa

## Structural Properties (MDAnalysis 2.10.0, 101 frames, NVT 300 K)
  ⟨R⟩ (end-to-end)  = 24.69 Å
  ⟨R²⟩              = 741.21 Å²
  Chains analysed   = 10
  Source: structure/analysis_mda/end_to_end_summary.json

  RDF pairs computed: 1-1, 1-2, 1-3, 2-2, 2-3, 3-3
  Source: structure/analysis_mda/rdf_summary.json
