# ══════════════════════════════════════════════════════════
# PE_run3 — Property Log
# Polymer: PE   Chains: 10   Atoms: 9020   DP: 150
# Backbone types: [2]
# Force field: GAFF2 (lj/cut 12.0 + SHAKE, no PPPM — nonpolar)
# Updated: 2026-03-22 (PolyJarvis audit — structural data added)
# ══════════════════════════════════════════════════════════

## Equilibration (bulk_modulus NPT, 300 K, 1 atm, 500k steps)
  Status:           PASS
  Density converged: YES  (drift=0.29%, block SEM=0.084%)
  Energy converged:  YES  (drift=0.10%, block SEM=0.052%)
  T_mean:           299.95 K
  P_mean:           6.95 atm
  Note:             pe3_npt_bulk.log — constant T=300K NPT

## Density (300 K, plateau method, bulk_modulus NPT)
  ρ = 1.0730 ± 0.0002 g/cm³  (SEM=0.000189)
  Plateau fraction: 100% (501 points)
  Plateau and naive means agree → clean equilibration

## Glass Transition Temperature (bilinear F-stat fit, v3 March 2026)
  Tg        = 303.5 K
  Tg (alt)  = 309.5 K
  Tg (curve_fit) = 335.1 K
  Quality   = GOOD
  R²        = 0.9973
  F-stat    = 46.75  (p = 2.4e-9)
  Bins used = 30 (skipped 17 drifting)

## Bulk Modulus (NPT volume-fluctuation method, T=300 K)
  K = 3.17 GPa  (SEM = 0.08 GPa)
  Method: K = kT⟨V⟩/⟨δV²⟩, last 50% of pe3_npt_bulk.log (501 samples)
  ⟨V⟩ = 83862.93 Å³, σ(V) = 330.78 Å³
  Block avg: [3.78, 4.00, 3.59, 3.84, 4.07] GPa

## Structural Properties (MDAnalysis 2.10.0, 101 frames, NVT 300 K)
  ⟨R⟩ (end-to-end)  = 74.91 Å
  ⟨R²⟩              = 6262.49 Å²
  Chains analysed   = 10
  Source: structure/analysis_mda/end_to_end_summary.json

  RDF pairs computed: 1-1, 1-2, 2-2
  Source: structure/analysis_mda/rdf_summary.json
